\BOOKMARK [0][-]{chapter*.4}{Acknowledgements}{}% 1
\BOOKMARK [0][-]{chapter*.5}{Abstract}{}% 2
\BOOKMARK [0][-]{chapter*.7}{Lista de figuras}{}% 3
\BOOKMARK [0][-]{chapter*.8}{Lista de tablas}{}% 4
\BOOKMARK [0][-]{chapter.1}{Introduction}{}% 5
\BOOKMARK [0][-]{chapter.2}{Scintillator fibers}{}% 6
\BOOKMARK [1][-]{section.2.1}{Introduction}{chapter.2}% 7
\BOOKMARK [1][-]{section.2.2}{Organic and inorganic scintillators}{chapter.2}% 8
\BOOKMARK [1][-]{section.2.3}{Scintillator fibers}{chapter.2}% 9
\BOOKMARK [1][-]{section.2.4}{Choice of the comercial scintillator fibers}{chapter.2}% 10
\BOOKMARK [1][-]{section.2.5}{Cutting device for scintillator fiber}{chapter.2}% 11
\BOOKMARK [1][-]{section.2.6}{Polishing task for scintillator fiber}{chapter.2}% 12
\BOOKMARK [1][-]{section.2.7}{Automatic polishing machine for scintillator fiber}{chapter.2}% 13
\BOOKMARK [1][-]{section.2.8}{Splicing machine for scintillator fiber}{chapter.2}% 14
\BOOKMARK [0][-]{chapter.3}{Photomultiplier tubes \(PMTs\)}{}% 15
\BOOKMARK [1][-]{section.3.1}{Introduction}{chapter.3}% 16
\BOOKMARK [1][-]{section.3.2}{Calibration of the PMTs}{chapter.3}% 17
\BOOKMARK [2][-]{subsection.3.2.1}{Gain calibration of the PMTs}{section.3.2}% 18
\BOOKMARK [2][-]{subsection.3.2.2}{Aqu\355 para abajo las demas calibraciones que har\351 con los PMTs}{section.3.2}% 19
\BOOKMARK [0][-]{chapter.4}{Calibracion de los fotomultiplicadores de silicio \(SiPM\)}{}% 20
\BOOKMARK [1][-]{section.4.1}{Equipo y montaje experimental}{chapter.4}% 21
\BOOKMARK [1][-]{section.4.2}{An\341lisis de datos}{chapter.4}% 22
\BOOKMARK [1][-]{section.4.3}{Calibraci\363n en temperatura}{chapter.4}% 23
\BOOKMARK [1][-]{section.4.4}{Calibraci\363n en voltaje de operaci\363n}{chapter.4}% 24
\BOOKMARK [1][-]{section.4.5}{Estabilizaci\363n de la ganancia}{chapter.4}% 25
\BOOKMARK [0][-]{chapter.5}{Prototipo}{}% 26
\BOOKMARK [1][-]{section.5.1}{Configuraci\363n del prototipo}{chapter.5}% 27
\BOOKMARK [1][-]{section.5.2}{Procedimiento de llenado}{chapter.5}% 28
\BOOKMARK [1][-]{section.5.3}{Configuraci\363n de la electr\363nica}{chapter.5}% 29
\BOOKMARK [1][-]{section.5.4}{Resultados}{chapter.5}% 30
\BOOKMARK [0][-]{chapter.6}{Simulaciones}{}% 31
\BOOKMARK [0][-]{chapter.7}{Previsiones de futuro}{}% 32
\BOOKMARK [0][-]{chapter.8}{Resultados y conclusiones}{}% 33
\BOOKMARK [0][-]{appendix.A}{M\341s cosas}{}% 34
\BOOKMARK [0][-]{appendix.B}{Y m\341s cosas a\372n}{}% 35
\BOOKMARK [0][-]{appendix*.11}{Bibliography}{}% 36
