\BOOKMARK [0][-]{chapter*.3}{Acknowledgements}{}% 1
\BOOKMARK [0][-]{chapter*.4}{Abstract}{}% 2
\BOOKMARK [0][-]{chapter*.5}{Nomenclature and acronyms}{}% 3
\BOOKMARK [0][-]{chapter*.6}{Lista de figuras}{}% 4
\BOOKMARK [0][-]{chapter*.7}{Lista de tablas}{}% 5
\BOOKMARK [0][-]{chapter.1}{Introduction}{}% 6
\BOOKMARK [1][-]{section.1.1}{Global energy context}{chapter.1}% 7
\BOOKMARK [1][-]{section.1.2}{Tritium properties}{chapter.1}% 8
\BOOKMARK [1][-]{section.1.3}{State-of-the-art in tritium detection}{chapter.1}% 9
\BOOKMARK [1][-]{section.1.4}{Tritium project and Tritium detector}{chapter.1}% 10
\BOOKMARK [1][-]{section.1.5}{Work scheme}{chapter.1}% 11
\BOOKMARK [0][-]{chapter.2}{Tritium monitor}{}% 12
\BOOKMARK [1][-]{section.2.1}{Final emplacement}{chapter.2}% 13
\BOOKMARK [1][-]{section.2.2}{Ultra-pure water system}{chapter.2}% 14
\BOOKMARK [1][-]{section.2.3}{Scintillating fibers}{chapter.2}% 15
\BOOKMARK [2][-]{subsection.2.3.1}{Introduction}{section.2.3}% 16
\BOOKMARK [2][-]{subsection.2.3.2}{Characaterization of scintillating fibers}{section.2.3}% 17
\BOOKMARK [1][-]{section.2.4}{PhotoMultiplier Tubs \(PMTs\)}{chapter.2}% 18
\BOOKMARK [2][-]{subsection.2.4.1}{Introduction}{section.2.4}% 19
\BOOKMARK [1][-]{section.2.5}{Silicon PhotoMultiplier Array \(SiPMs array\)}{chapter.2}% 20
\BOOKMARK [2][-]{subsection.2.5.1}{Introduction}{section.2.5}% 21
\BOOKMARK [2][-]{subsection.2.5.2}{Characaterization of the SiPM arrays}{section.2.5}% 22
\BOOKMARK [1][-]{section.2.6}{Tritium detector}{chapter.2}% 23
\BOOKMARK [2][-]{subsection.2.6.1}{Introduction}{section.2.6}% 24
\BOOKMARK [2][-]{subsection.2.6.2}{Tritium-IFIC 0 prototype}{section.2.6}% 25
\BOOKMARK [2][-]{subsection.2.6.3}{Tritium-IFIC 1 prototype}{section.2.6}% 26
\BOOKMARK [2][-]{subsection.2.6.4}{Tritium-Aveiro prototype}{section.2.6}% 27
\BOOKMARK [2][-]{subsection.2.6.5}{Tritium-IFIC 2 prototype}{section.2.6}% 28
\BOOKMARK [1][-]{section.2.7}{Pasive shielding}{chapter.2}% 29
\BOOKMARK [1][-]{section.2.8}{Active veto}{chapter.2}% 30
\BOOKMARK [2][-]{subsection.2.8.1}{Introduction}{section.2.8}% 31
\BOOKMARK [2][-]{subsection.2.8.2}{Characterization of Active Veto}{section.2.8}% 32
\BOOKMARK [0][-]{chapter.3}{Simulations of Tritium detector}{}% 33
\BOOKMARK [0][-]{chapter.4}{Conclusions}{}% 34
\BOOKMARK [0][-]{appendix.A}{M\341s cosas}{}% 35
\BOOKMARK [0][-]{appendix.B}{Y m\341s cosas a\372n}{}% 36
\BOOKMARK [0][-]{appendix*.22}{Bibliography}{}% 37
