\BOOKMARK [0][-]{chapter*.3}{Acknowledgements}{}% 1
\BOOKMARK [0][-]{chapter*.4}{Abstract}{}% 2
\BOOKMARK [0][-]{chapter*.5}{Nomenclature and acronyms}{}% 3
\BOOKMARK [0][-]{chapter*.7}{List of Figures}{}% 4
\BOOKMARK [0][-]{chapter*.8}{List of Tables}{}% 5
\BOOKMARK [0][-]{chapter.1}{Introduction}{}% 6
\BOOKMARK [1][-]{section.1.1}{Global energy context}{chapter.1}% 7
\BOOKMARK [1][-]{section.1.2}{Tritium properties}{chapter.1}% 8
\BOOKMARK [1][-]{section.1.3}{State-of-the-art in tritium detection}{chapter.1}% 9
\BOOKMARK [1][-]{section.1.4}{Tritium project and Tritium monitor}{chapter.1}% 10
\BOOKMARK [1][-]{section.1.5}{Work scheme}{chapter.1}% 11
\BOOKMARK [0][-]{chapter.2}{Design principles}{}% 12
\BOOKMARK [1][-]{section.2.1}{Detector system overview}{chapter.2}% 13
\BOOKMARK [1][-]{section.2.2}{Tritium detector}{chapter.2}% 14
\BOOKMARK [2][-]{subsection.2.2.1}{Interaction of particles with matter}{section.2.2}% 15
\BOOKMARK [2][-]{subsection.2.2.2}{Scintillators plastic}{section.2.2}% 16
\BOOKMARK [2][-]{subsection.2.2.3}{The light detection in photosensors}{section.2.2}% 17
\BOOKMARK [2][-]{subsection.2.2.4}{Readout system of photosensors}{section.2.2}% 18
\BOOKMARK [1][-]{section.2.3}{Ultrapure water system}{chapter.2}% 19
\BOOKMARK [2][-]{subsection.2.3.1}{Introduction water system}{section.2.3}% 20
\BOOKMARK [2][-]{subsection.2.3.2}{Set up water system}{section.2.3}% 21
\BOOKMARK [1][-]{section.2.4}{Background rejection system}{chapter.2}% 22
\BOOKMARK [2][-]{subsection.2.4.1}{Set up passive shield}{section.2.4}% 23
\BOOKMARK [2][-]{subsection.2.4.2}{Set up Active veto}{section.2.4}% 24
\BOOKMARK [0][-]{chapter.3}{Research \046 Development}{}% 25
\BOOKMARK [1][-]{section.3.1}{Introduction}{chapter.3}% 26
\BOOKMARK [1][-]{section.3.2}{Characetrization fibers}{chapter.3}% 27
\BOOKMARK [1][-]{section.3.3}{Characterization SiPM}{chapter.3}% 28
\BOOKMARK [1][-]{section.3.4}{Characetrization water system}{chapter.3}% 29
\BOOKMARK [1][-]{section.3.5}{Characterization shields}{chapter.3}% 30
\BOOKMARK [2][-]{subsection.3.5.1}{Passive shield \(lead\)}{section.3.5}% 31
\BOOKMARK [2][-]{subsection.3.5.2}{Active shield \(cosmic veto\)}{section.3.5}% 32
\BOOKMARK [0][-]{chapter.4}{Tritium monitor prototypes}{}% 33
\BOOKMARK [1][-]{section.4.1}{Preliminary prototypes}{chapter.4}% 34
\BOOKMARK [2][-]{subsection.4.1.1}{Tritium-IFIC 0}{section.4.1}% 35
\BOOKMARK [2][-]{subsection.4.1.2}{Tritium-IFIC 1}{section.4.1}% 36
\BOOKMARK [2][-]{subsection.4.1.3}{Tritium-Aveiro}{section.4.1}% 37
\BOOKMARK [1][-]{section.4.2}{Tritium-IFIC 2}{chapter.4}% 38
\BOOKMARK [1][-]{section.4.3}{Modular TRITIUM prototype}{chapter.4}% 39
\BOOKMARK [0][-]{chapter.5}{Simulations}{}% 40
\BOOKMARK [0][-]{chapter.6}{Results and discussion}{}% 41
\BOOKMARK [1][-]{section.6.1}{Results from laboratory measurements}{chapter.6}% 42
\BOOKMARK [1][-]{section.6.2}{Results in Arrocampo dam}{chapter.6}% 43
\BOOKMARK [1][-]{section.6.3}{Results in simulations}{chapter.6}% 44
\BOOKMARK [0][-]{chapter.7}{Conclusions and prospects}{}% 45
\BOOKMARK [0][-]{appendix.A}{Birks coefficient study}{}% 46
\BOOKMARK [0][-]{appendix.B}{Signal processing in NIM modules}{}% 47
\BOOKMARK [0][-]{appendix.C}{Electronical schemes of PCBs used for SiPM characterization}{}% 48
\BOOKMARK [0][-]{appendix.D}{Ultrapure water system }{}% 49
\BOOKMARK [0][-]{appendix*.75}{Bibliography}{}% 50
