\BOOKMARK [0][-]{chapter*.3}{Acknowledgements}{}% 1
\BOOKMARK [0][-]{chapter*.4}{Abstract}{}% 2
\BOOKMARK [0][-]{chapter*.5}{Nomenclature and acronyms}{}% 3
\BOOKMARK [0][-]{chapter*.7}{List of Figures}{}% 4
\BOOKMARK [0][-]{chapter*.8}{List of Tables}{}% 5
\BOOKMARK [0][-]{chapter.1}{Introduction}{}% 6
\BOOKMARK [1][-]{section.1.1}{Tritium and Nuclear Energy}{chapter.1}% 7
\BOOKMARK [1][-]{section.1.2}{Tritium Properties and Radiological Hazards}{chapter.1}% 8
\BOOKMARK [1][-]{section.1.3}{Current Legislation}{chapter.1}% 9
\BOOKMARK [1][-]{section.1.4}{This thesis}{chapter.1}% 10
\BOOKMARK [0][-]{chapter.2}{Tritium Detection Systems}{}% 11
\BOOKMARK [1][-]{section.2.1}{State-of-the-Art}{chapter.2}% 12
\BOOKMARK [1][-]{section.2.2}{TRITIUM Project}{chapter.2}% 13
\BOOKMARK [0][-]{chapter.3}{TRITIUM Design Principles}{}% 14
\BOOKMARK [1][-]{section.3.1}{Detector System Overview}{chapter.3}% 15
\BOOKMARK [1][-]{section.3.2}{TRITIUM Detector}{chapter.3}% 16
\BOOKMARK [2][-]{subsection.3.2.1}{Interaction of Particles with Matter}{section.3.2}% 17
\BOOKMARK [2][-]{subsection.3.2.2}{Plastic Scintillators}{section.3.2}% 18
\BOOKMARK [2][-]{subsection.3.2.3}{Light Detection in Photosensors}{section.3.2}% 19
\BOOKMARK [2][-]{subsection.3.2.4}{Electronic Readout}{section.3.2}% 20
\BOOKMARK [1][-]{section.3.3}{Ultrapure Water System}{chapter.3}% 21
\BOOKMARK [2][-]{subsection.3.3.1}{Introduction to the Water System}{section.3.3}% 22
\BOOKMARK [2][-]{subsection.3.3.2}{Water System Set Up}{section.3.3}% 23
\BOOKMARK [1][-]{section.3.4}{Background Rejection System}{chapter.3}% 24
\BOOKMARK [2][-]{subsection.3.4.1}{Passive Shield \(Lead\)}{section.3.4}% 25
\BOOKMARK [2][-]{subsection.3.4.2}{Active Shield \(Cosmic Veto\)}{section.3.4}% 26
\BOOKMARK [0][-]{chapter.4}{TRITIUM Detector R\046D}{}% 27
\BOOKMARK [1][-]{section.4.1}{Introduction}{chapter.4}% 28
\BOOKMARK [1][-]{section.4.2}{Characetrization of the Scintillating Fibers}{chapter.4}% 29
\BOOKMARK [1][-]{section.4.3}{Characterization of the SiPM}{chapter.4}% 30
\BOOKMARK [1][-]{section.4.4}{Characterization of the Ultrapure Water System}{chapter.4}% 31
\BOOKMARK [1][-]{section.4.5}{Characterization of the Cosmic Veto}{chapter.4}% 32
\BOOKMARK [0][-]{chapter.5}{TRITIUM Monitor Prototypes}{}% 33
\BOOKMARK [1][-]{section.5.1}{Introduction}{chapter.5}% 34
\BOOKMARK [1][-]{section.5.2}{Preliminary Prototypes}{chapter.5}% 35
\BOOKMARK [2][-]{subsection.5.2.1}{TRITIUM-IFIC 0}{section.5.2}% 36
\BOOKMARK [2][-]{subsection.5.2.2}{TRITIUM-IFIC 1}{section.5.2}% 37
\BOOKMARK [1][-]{section.5.3}{Latest TRITIUM Prototypes}{chapter.5}% 38
\BOOKMARK [2][-]{subsection.5.3.1}{TRITIUM-Aveiro 0}{section.5.3}% 39
\BOOKMARK [2][-]{subsection.5.3.2}{TRITIUM-IFIC 2}{section.5.3}% 40
\BOOKMARK [1][-]{section.5.4}{Modular TRITIUM Detector}{chapter.5}% 41
\BOOKMARK [0][-]{chapter.6}{Simulations}{}% 42
\BOOKMARK [1][-]{section.6.1}{Introduction}{chapter.6}% 43
\BOOKMARK [1][-]{section.6.2}{Geant4 Environment}{chapter.6}% 44
\BOOKMARK [1][-]{section.6.3}{Description of the Simulations Performed}{chapter.6}% 45
\BOOKMARK [2][-]{subsection.6.3.1}{Tritium Source Shape}{section.6.3}% 46
\BOOKMARK [2][-]{subsection.6.3.2}{Fiber Length}{section.6.3}% 47
\BOOKMARK [2][-]{subsection.6.3.3}{Fiber Diameter}{section.6.3}% 48
\BOOKMARK [2][-]{subsection.6.3.4}{Tritium-IFIC 2}{section.6.3}% 49
\BOOKMARK [2][-]{subsection.6.3.5}{Lead Shielding and Cosmic Veto}{section.6.3}% 50
\BOOKMARK [0][-]{chapter.7}{Results and Discussion}{}% 51
\BOOKMARK [1][-]{section.7.1}{Introduction}{chapter.7}% 52
\BOOKMARK [1][-]{section.7.2}{Results from Laboratory measurements}{chapter.7}% 53
\BOOKMARK [2][-]{subsection.7.2.1}{Experimental Results of TRITIUM-IFIC 0}{section.7.2}% 54
\BOOKMARK [2][-]{subsection.7.2.2}{Experimental Results of TRITIUM-IFIC 1}{section.7.2}% 55
\BOOKMARK [2][-]{subsection.7.2.3}{Experimental Results of TRITIUM-Aveiro 0}{section.7.2}% 56
\BOOKMARK [2][-]{subsection.7.2.4}{Experimental Results of TRITIUM-IFIC 1}{section.7.2}% 57
\BOOKMARK [1][-]{section.7.3}{Experimental Results in Arrocampo dam}{chapter.7}% 58
\BOOKMARK [1][-]{section.7.4}{Results of the simulations}{chapter.7}% 59
\BOOKMARK [0][-]{chapter.8}{Conclusions and Prospects}{}% 60
\BOOKMARK [0][-]{appendix.A}{Birks Coefficient Study}{}% 61
\BOOKMARK [0][-]{appendix.B}{Signal Processing in NIM Modules}{}% 62
\BOOKMARK [0][-]{appendix.C}{Electronical Schemes of PCBs Used for SiPM Characterization}{}% 63
\BOOKMARK [0][-]{appendix.D}{Ultrapure Water System}{}% 64
\BOOKMARK [0][-]{appendix.E}{Preparation of Liquid Radioactive Source of Tritium}{}% 65
\BOOKMARK [0][-]{appendix.F}{Electronic System of TRITIUM-Aveiro 0 prototype}{}% 66
\BOOKMARK [0][-]{appendix*.126}{Bibliography}{}% 67
