This is pdfTeX, Version 3.14159265-2.6-1.40.18 (TeX Live 2017/Debian) (preloaded format=pdflatex 2019.10.12)  28 MAY 2021 17:28
entering extended mode
 restricted \write18 enabled.
 %&-line parsing enabled.
**Tesis_Marcos_Martinez_Roig_v3.tex
(./Tesis_Marcos_Martinez_Roig_v3.tex
LaTeX2e <2017-04-15>
Babel <3.18> and hyphenation patterns for 84 language(s) loaded.
(/usr/share/texlive/texmf-dist/tex/latex/base/book.cls
Document Class: book 2014/09/29 v1.4h Standard LaTeX document class
(/usr/share/texlive/texmf-dist/tex/latex/base/bk12.clo
File: bk12.clo 2014/09/29 v1.4h Standard LaTeX file (size option)
)
\c@part=\count79
\c@chapter=\count80
\c@section=\count81
\c@subsection=\count82
\c@subsubsection=\count83
\c@paragraph=\count84
\c@subparagraph=\count85
\c@figure=\count86
\c@table=\count87
\abovecaptionskip=\skip41
\belowcaptionskip=\skip42
\bibindent=\dimen102
)
(./Sections/0Previous_pages/01PaquetesTrabajo.tex
(/usr/share/texlive/texmf-dist/tex/generic/babel/babel.sty
Package: babel 2018/02/14 3.18 The Babel package

(/usr/share/texlive/texmf-dist/tex/generic/babel/switch.def
File: switch.def 2018/02/14 3.18 Babel switching mechanism
)
(/usr/share/texlive/texmf-dist/tex/generic/babel-english/english.ldf
Language: english 2017/06/06 v3.3r English support from the babel system

(/usr/share/texlive/texmf-dist/tex/generic/babel/babel.def
File: babel.def 2018/02/14 3.18 Babel common definitions
\babel@savecnt=\count88
\U@D=\dimen103

(/usr/share/texlive/texmf-dist/tex/generic/babel/txtbabel.def)
\bbl@dirlevel=\count89
)
\l@canadian = a dialect from \language\l@american 
\l@australian = a dialect from \language\l@british 
\l@newzealand = a dialect from \language\l@british 
))
(/usr/share/texlive/texmf-dist/tex/latex/base/inputenc.sty
Package: inputenc 2015/03/17 v1.2c Input encoding file
\inpenc@prehook=\toks14
\inpenc@posthook=\toks15

(/usr/share/texlive/texmf-dist/tex/latex/base/utf8.def
File: utf8.def 2017/01/28 v1.1t UTF-8 support for inputenc
Now handling font encoding OML ...
... no UTF-8 mapping file for font encoding OML
Now handling font encoding T1 ...
... processing UTF-8 mapping file for font encoding T1

(/usr/share/texlive/texmf-dist/tex/latex/base/t1enc.dfu
File: t1enc.dfu 2017/01/28 v1.1t UTF-8 support for inputenc
   defining Unicode char U+00A0 (decimal 160)
   defining Unicode char U+00A1 (decimal 161)
   defining Unicode char U+00A3 (decimal 163)
   defining Unicode char U+00AB (decimal 171)
   defining Unicode char U+00AD (decimal 173)
   defining Unicode char U+00BB (decimal 187)
   defining Unicode char U+00BF (decimal 191)
   defining Unicode char U+00C0 (decimal 192)
   defining Unicode char U+00C1 (decimal 193)
   defining Unicode char U+00C2 (decimal 194)
   defining Unicode char U+00C3 (decimal 195)
   defining Unicode char U+00C4 (decimal 196)
   defining Unicode char U+00C5 (decimal 197)
   defining Unicode char U+00C6 (decimal 198)
   defining Unicode char U+00C7 (decimal 199)
   defining Unicode char U+00C8 (decimal 200)
   defining Unicode char U+00C9 (decimal 201)
   defining Unicode char U+00CA (decimal 202)
   defining Unicode char U+00CB (decimal 203)
   defining Unicode char U+00CC (decimal 204)
   defining Unicode char U+00CD (decimal 205)
   defining Unicode char U+00CE (decimal 206)
   defining Unicode char U+00CF (decimal 207)
   defining Unicode char U+00D0 (decimal 208)
   defining Unicode char U+00D1 (decimal 209)
   defining Unicode char U+00D2 (decimal 210)
   defining Unicode char U+00D3 (decimal 211)
   defining Unicode char U+00D4 (decimal 212)
   defining Unicode char U+00D5 (decimal 213)
   defining Unicode char U+00D6 (decimal 214)
   defining Unicode char U+00D8 (decimal 216)
   defining Unicode char U+00D9 (decimal 217)
   defining Unicode char U+00DA (decimal 218)
   defining Unicode char U+00DB (decimal 219)
   defining Unicode char U+00DC (decimal 220)
   defining Unicode char U+00DD (decimal 221)
   defining Unicode char U+00DE (decimal 222)
   defining Unicode char U+00DF (decimal 223)
   defining Unicode char U+00E0 (decimal 224)
   defining Unicode char U+00E1 (decimal 225)
   defining Unicode char U+00E2 (decimal 226)
   defining Unicode char U+00E3 (decimal 227)
   defining Unicode char U+00E4 (decimal 228)
   defining Unicode char U+00E5 (decimal 229)
   defining Unicode char U+00E6 (decimal 230)
   defining Unicode char U+00E7 (decimal 231)
   defining Unicode char U+00E8 (decimal 232)
   defining Unicode char U+00E9 (decimal 233)
   defining Unicode char U+00EA (decimal 234)
   defining Unicode char U+00EB (decimal 235)
   defining Unicode char U+00EC (decimal 236)
   defining Unicode char U+00ED (decimal 237)
   defining Unicode char U+00EE (decimal 238)
   defining Unicode char U+00EF (decimal 239)
   defining Unicode char U+00F0 (decimal 240)
   defining Unicode char U+00F1 (decimal 241)
   defining Unicode char U+00F2 (decimal 242)
   defining Unicode char U+00F3 (decimal 243)
   defining Unicode char U+00F4 (decimal 244)
   defining Unicode char U+00F5 (decimal 245)
   defining Unicode char U+00F6 (decimal 246)
   defining Unicode char U+00F8 (decimal 248)
   defining Unicode char U+00F9 (decimal 249)
   defining Unicode char U+00FA (decimal 250)
   defining Unicode char U+00FB (decimal 251)
   defining Unicode char U+00FC (decimal 252)
   defining Unicode char U+00FD (decimal 253)
   defining Unicode char U+00FE (decimal 254)
   defining Unicode char U+00FF (decimal 255)
   defining Unicode char U+0100 (decimal 256)
   defining Unicode char U+0101 (decimal 257)
   defining Unicode char U+0102 (decimal 258)
   defining Unicode char U+0103 (decimal 259)
   defining Unicode char U+0104 (decimal 260)
   defining Unicode char U+0105 (decimal 261)
   defining Unicode char U+0106 (decimal 262)
   defining Unicode char U+0107 (decimal 263)
   defining Unicode char U+0108 (decimal 264)
   defining Unicode char U+0109 (decimal 265)
   defining Unicode char U+010A (decimal 266)
   defining Unicode char U+010B (decimal 267)
   defining Unicode char U+010C (decimal 268)
   defining Unicode char U+010D (decimal 269)
   defining Unicode char U+010E (decimal 270)
   defining Unicode char U+010F (decimal 271)
   defining Unicode char U+0110 (decimal 272)
   defining Unicode char U+0111 (decimal 273)
   defining Unicode char U+0112 (decimal 274)
   defining Unicode char U+0113 (decimal 275)
   defining Unicode char U+0114 (decimal 276)
   defining Unicode char U+0115 (decimal 277)
   defining Unicode char U+0116 (decimal 278)
   defining Unicode char U+0117 (decimal 279)
   defining Unicode char U+0118 (decimal 280)
   defining Unicode char U+0119 (decimal 281)
   defining Unicode char U+011A (decimal 282)
   defining Unicode char U+011B (decimal 283)
   defining Unicode char U+011C (decimal 284)
   defining Unicode char U+011D (decimal 285)
   defining Unicode char U+011E (decimal 286)
   defining Unicode char U+011F (decimal 287)
   defining Unicode char U+0120 (decimal 288)
   defining Unicode char U+0121 (decimal 289)
   defining Unicode char U+0122 (decimal 290)
   defining Unicode char U+0123 (decimal 291)
   defining Unicode char U+0124 (decimal 292)
   defining Unicode char U+0125 (decimal 293)
   defining Unicode char U+0128 (decimal 296)
   defining Unicode char U+0129 (decimal 297)
   defining Unicode char U+012A (decimal 298)
   defining Unicode char U+012B (decimal 299)
   defining Unicode char U+012C (decimal 300)
   defining Unicode char U+012D (decimal 301)
   defining Unicode char U+012E (decimal 302)
   defining Unicode char U+012F (decimal 303)
   defining Unicode char U+0130 (decimal 304)
   defining Unicode char U+0131 (decimal 305)
   defining Unicode char U+0132 (decimal 306)
   defining Unicode char U+0133 (decimal 307)
   defining Unicode char U+0134 (decimal 308)
   defining Unicode char U+0135 (decimal 309)
   defining Unicode char U+0136 (decimal 310)
   defining Unicode char U+0137 (decimal 311)
   defining Unicode char U+0139 (decimal 313)
   defining Unicode char U+013A (decimal 314)
   defining Unicode char U+013B (decimal 315)
   defining Unicode char U+013C (decimal 316)
   defining Unicode char U+013D (decimal 317)
   defining Unicode char U+013E (decimal 318)
   defining Unicode char U+0141 (decimal 321)
   defining Unicode char U+0142 (decimal 322)
   defining Unicode char U+0143 (decimal 323)
   defining Unicode char U+0144 (decimal 324)
   defining Unicode char U+0145 (decimal 325)
   defining Unicode char U+0146 (decimal 326)
   defining Unicode char U+0147 (decimal 327)
   defining Unicode char U+0148 (decimal 328)
   defining Unicode char U+014A (decimal 330)
   defining Unicode char U+014B (decimal 331)
   defining Unicode char U+014C (decimal 332)
   defining Unicode char U+014D (decimal 333)
   defining Unicode char U+014E (decimal 334)
   defining Unicode char U+014F (decimal 335)
   defining Unicode char U+0150 (decimal 336)
   defining Unicode char U+0151 (decimal 337)
   defining Unicode char U+0152 (decimal 338)
   defining Unicode char U+0153 (decimal 339)
   defining Unicode char U+0154 (decimal 340)
   defining Unicode char U+0155 (decimal 341)
   defining Unicode char U+0156 (decimal 342)
   defining Unicode char U+0157 (decimal 343)
   defining Unicode char U+0158 (decimal 344)
   defining Unicode char U+0159 (decimal 345)
   defining Unicode char U+015A (decimal 346)
   defining Unicode char U+015B (decimal 347)
   defining Unicode char U+015C (decimal 348)
   defining Unicode char U+015D (decimal 349)
   defining Unicode char U+015E (decimal 350)
   defining Unicode char U+015F (decimal 351)
   defining Unicode char U+0160 (decimal 352)
   defining Unicode char U+0161 (decimal 353)
   defining Unicode char U+0162 (decimal 354)
   defining Unicode char U+0163 (decimal 355)
   defining Unicode char U+0164 (decimal 356)
   defining Unicode char U+0165 (decimal 357)
   defining Unicode char U+0168 (decimal 360)
   defining Unicode char U+0169 (decimal 361)
   defining Unicode char U+016A (decimal 362)
   defining Unicode char U+016B (decimal 363)
   defining Unicode char U+016C (decimal 364)
   defining Unicode char U+016D (decimal 365)
   defining Unicode char U+016E (decimal 366)
   defining Unicode char U+016F (decimal 367)
   defining Unicode char U+0170 (decimal 368)
   defining Unicode char U+0171 (decimal 369)
   defining Unicode char U+0172 (decimal 370)
   defining Unicode char U+0173 (decimal 371)
   defining Unicode char U+0174 (decimal 372)
   defining Unicode char U+0175 (decimal 373)
   defining Unicode char U+0176 (decimal 374)
   defining Unicode char U+0177 (decimal 375)
   defining Unicode char U+0178 (decimal 376)
   defining Unicode char U+0179 (decimal 377)
   defining Unicode char U+017A (decimal 378)
   defining Unicode char U+017B (decimal 379)
   defining Unicode char U+017C (decimal 380)
   defining Unicode char U+017D (decimal 381)
   defining Unicode char U+017E (decimal 382)
   defining Unicode char U+01CD (decimal 461)
   defining Unicode char U+01CE (decimal 462)
   defining Unicode char U+01CF (decimal 463)
   defining Unicode char U+01D0 (decimal 464)
   defining Unicode char U+01D1 (decimal 465)
   defining Unicode char U+01D2 (decimal 466)
   defining Unicode char U+01D3 (decimal 467)
   defining Unicode char U+01D4 (decimal 468)
   defining Unicode char U+01E2 (decimal 482)
   defining Unicode char U+01E3 (decimal 483)
   defining Unicode char U+01E6 (decimal 486)
   defining Unicode char U+01E7 (decimal 487)
   defining Unicode char U+01E8 (decimal 488)
   defining Unicode char U+01E9 (decimal 489)
   defining Unicode char U+01EA (decimal 490)
   defining Unicode char U+01EB (decimal 491)
   defining Unicode char U+01F0 (decimal 496)
   defining Unicode char U+01F4 (decimal 500)
   defining Unicode char U+01F5 (decimal 501)
   defining Unicode char U+0218 (decimal 536)
   defining Unicode char U+0219 (decimal 537)
   defining Unicode char U+021A (decimal 538)
   defining Unicode char U+021B (decimal 539)
   defining Unicode char U+0232 (decimal 562)
   defining Unicode char U+0233 (decimal 563)
   defining Unicode char U+1E02 (decimal 7682)
   defining Unicode char U+1E03 (decimal 7683)
   defining Unicode char U+200C (decimal 8204)
   defining Unicode char U+2010 (decimal 8208)
   defining Unicode char U+2011 (decimal 8209)
   defining Unicode char U+2012 (decimal 8210)
   defining Unicode char U+2013 (decimal 8211)
   defining Unicode char U+2014 (decimal 8212)
   defining Unicode char U+2015 (decimal 8213)
   defining Unicode char U+2018 (decimal 8216)
   defining Unicode char U+2019 (decimal 8217)
   defining Unicode char U+201A (decimal 8218)
   defining Unicode char U+201C (decimal 8220)
   defining Unicode char U+201D (decimal 8221)
   defining Unicode char U+201E (decimal 8222)
   defining Unicode char U+2030 (decimal 8240)
   defining Unicode char U+2031 (decimal 8241)
   defining Unicode char U+2039 (decimal 8249)
   defining Unicode char U+203A (decimal 8250)
   defining Unicode char U+2423 (decimal 9251)
   defining Unicode char U+1E20 (decimal 7712)
   defining Unicode char U+1E21 (decimal 7713)
)
Now handling font encoding OT1 ...
... processing UTF-8 mapping file for font encoding OT1

(/usr/share/texlive/texmf-dist/tex/latex/base/ot1enc.dfu
File: ot1enc.dfu 2017/01/28 v1.1t UTF-8 support for inputenc
   defining Unicode char U+00A0 (decimal 160)
   defining Unicode char U+00A1 (decimal 161)
   defining Unicode char U+00A3 (decimal 163)
   defining Unicode char U+00AD (decimal 173)
   defining Unicode char U+00B8 (decimal 184)
   defining Unicode char U+00BF (decimal 191)
   defining Unicode char U+00C5 (decimal 197)
   defining Unicode char U+00C6 (decimal 198)
   defining Unicode char U+00D8 (decimal 216)
   defining Unicode char U+00DF (decimal 223)
   defining Unicode char U+00E6 (decimal 230)
   defining Unicode char U+00EC (decimal 236)
   defining Unicode char U+00ED (decimal 237)
   defining Unicode char U+00EE (decimal 238)
   defining Unicode char U+00EF (decimal 239)
   defining Unicode char U+00F8 (decimal 248)
   defining Unicode char U+0131 (decimal 305)
   defining Unicode char U+0141 (decimal 321)
   defining Unicode char U+0142 (decimal 322)
   defining Unicode char U+0152 (decimal 338)
   defining Unicode char U+0153 (decimal 339)
   defining Unicode char U+0174 (decimal 372)
   defining Unicode char U+0175 (decimal 373)
   defining Unicode char U+0176 (decimal 374)
   defining Unicode char U+0177 (decimal 375)
   defining Unicode char U+0218 (decimal 536)
   defining Unicode char U+0219 (decimal 537)
   defining Unicode char U+021A (decimal 538)
   defining Unicode char U+021B (decimal 539)
   defining Unicode char U+2013 (decimal 8211)
   defining Unicode char U+2014 (decimal 8212)
   defining Unicode char U+2018 (decimal 8216)
   defining Unicode char U+2019 (decimal 8217)
   defining Unicode char U+201C (decimal 8220)
   defining Unicode char U+201D (decimal 8221)
)
Now handling font encoding OMS ...
... processing UTF-8 mapping file for font encoding OMS

(/usr/share/texlive/texmf-dist/tex/latex/base/omsenc.dfu
File: omsenc.dfu 2017/01/28 v1.1t UTF-8 support for inputenc
   defining Unicode char U+00A7 (decimal 167)
   defining Unicode char U+00B6 (decimal 182)
   defining Unicode char U+00B7 (decimal 183)
   defining Unicode char U+2020 (decimal 8224)
   defining Unicode char U+2021 (decimal 8225)
   defining Unicode char U+2022 (decimal 8226)
)
Now handling font encoding OMX ...
... no UTF-8 mapping file for font encoding OMX
Now handling font encoding U ...
... no UTF-8 mapping file for font encoding U
   defining Unicode char U+00A9 (decimal 169)
   defining Unicode char U+00AA (decimal 170)
   defining Unicode char U+00AE (decimal 174)
   defining Unicode char U+00BA (decimal 186)
   defining Unicode char U+02C6 (decimal 710)
   defining Unicode char U+02DC (decimal 732)
   defining Unicode char U+200C (decimal 8204)
   defining Unicode char U+2026 (decimal 8230)
   defining Unicode char U+2122 (decimal 8482)
   defining Unicode char U+2423 (decimal 9251)
))
(/usr/share/texlive/texmf-dist/tex/latex/tools/longtable.sty
Package: longtable 2014/10/28 v4.11 Multi-page Table package (DPC)
\LTleft=\skip43
\LTright=\skip44
\LTpre=\skip45
\LTpost=\skip46
\LTchunksize=\count90
\LTcapwidth=\dimen104
\LT@head=\box26
\LT@firsthead=\box27
\LT@foot=\box28
\LT@lastfoot=\box29
\LT@cols=\count91
\LT@rows=\count92
\c@LT@tables=\count93
\c@LT@chunks=\count94
\LT@p@ftn=\toks16
)
(/usr/share/texlive/texmf-dist/tex/latex/appendix/appendix.sty
Package: appendix 2009/09/02 v1.2b extra appendix facilities
\c@@pps=\count95
\c@@ppsavesec=\count96
\c@@ppsaveapp=\count97
)
(/usr/share/texlive/texmf-dist/tex/latex/geometry/geometry.sty
Package: geometry 2010/09/12 v5.6 Page Geometry

(/usr/share/texlive/texmf-dist/tex/latex/graphics/keyval.sty
Package: keyval 2014/10/28 v1.15 key=value parser (DPC)
\KV@toks@=\toks17
)
(/usr/share/texlive/texmf-dist/tex/generic/oberdiek/ifpdf.sty
Package: ifpdf 2017/03/15 v3.2 Provides the ifpdf switch
)
(/usr/share/texlive/texmf-dist/tex/generic/oberdiek/ifvtex.sty
Package: ifvtex 2016/05/16 v1.6 Detect VTeX and its facilities (HO)
Package ifvtex Info: VTeX not detected.
)
(/usr/share/texlive/texmf-dist/tex/generic/ifxetex/ifxetex.sty
Package: ifxetex 2010/09/12 v0.6 Provides ifxetex conditional
)
\Gm@cnth=\count98
\Gm@cntv=\count99
\c@Gm@tempcnt=\count100
\Gm@bindingoffset=\dimen105
\Gm@wd@mp=\dimen106
\Gm@odd@mp=\dimen107
\Gm@even@mp=\dimen108
\Gm@layoutwidth=\dimen109
\Gm@layoutheight=\dimen110
\Gm@layouthoffset=\dimen111
\Gm@layoutvoffset=\dimen112
\Gm@dimlist=\toks18
)
(/usr/share/texlive/texmf-dist/tex/latex/base/fontenc.sty
Package: fontenc 2017/04/05 v2.0i Standard LaTeX package

(/usr/share/texlive/texmf-dist/tex/latex/base/t1enc.def
File: t1enc.def 2017/04/05 v2.0i Standard LaTeX file
LaTeX Font Info:    Redeclaring font encoding T1 on input line 48.
))
(/usr/share/texlive/texmf-dist/tex/latex/graphics/graphicx.sty
Package: graphicx 2017/06/01 v1.1a Enhanced LaTeX Graphics (DPC,SPQR)

(/usr/share/texlive/texmf-dist/tex/latex/graphics/graphics.sty
Package: graphics 2017/06/25 v1.2c Standard LaTeX Graphics (DPC,SPQR)

(/usr/share/texlive/texmf-dist/tex/latex/graphics/trig.sty
Package: trig 2016/01/03 v1.10 sin cos tan (DPC)
)
(/usr/share/texlive/texmf-dist/tex/latex/graphics-cfg/graphics.cfg
File: graphics.cfg 2016/06/04 v1.11 sample graphics configuration
)
Package graphics Info: Driver file: pdftex.def on input line 99.

(/usr/share/texlive/texmf-dist/tex/latex/graphics-def/pdftex.def
File: pdftex.def 2018/01/08 v1.0l Graphics/color driver for pdftex
))
\Gin@req@height=\dimen113
\Gin@req@width=\dimen114
)
(/usr/share/texlive/texmf-dist/tex/latex/amsfonts/amsfonts.sty
Package: amsfonts 2013/01/14 v3.01 Basic AMSFonts support
\@emptytoks=\toks19
\symAMSa=\mathgroup4
\symAMSb=\mathgroup5
LaTeX Font Info:    Overwriting math alphabet `\mathfrak' in version `bold'
(Font)                  U/euf/m/n --> U/euf/b/n on input line 106.
)
(/usr/share/texlive/texmf-dist/tex/latex/jknapltx/mathrsfs.sty
Package: mathrsfs 1996/01/01 Math RSFS package v1.0 (jk)
\symrsfs=\mathgroup6
)
(/usr/share/texlive/texmf-dist/tex/latex/carlisle/slashed.sty
Package: slashed 1997/01/16 v0.01 Feynman Slashed Character Notation (DPC)
)
(/usr/share/texlive/texmf-dist/tex/latex/amsmath/amsmath.sty
Package: amsmath 2017/09/02 v2.17a AMS math features
\@mathmargin=\skip47

For additional information on amsmath, use the `?' option.
(/usr/share/texlive/texmf-dist/tex/latex/amsmath/amstext.sty
Package: amstext 2000/06/29 v2.01 AMS text

(/usr/share/texlive/texmf-dist/tex/latex/amsmath/amsgen.sty
File: amsgen.sty 1999/11/30 v2.0 generic functions
\@emptytoks=\toks20
\ex@=\dimen115
))
(/usr/share/texlive/texmf-dist/tex/latex/amsmath/amsbsy.sty
Package: amsbsy 1999/11/29 v1.2d Bold Symbols
\pmbraise@=\dimen116
)
(/usr/share/texlive/texmf-dist/tex/latex/amsmath/amsopn.sty
Package: amsopn 2016/03/08 v2.02 operator names
)
\inf@bad=\count101
LaTeX Info: Redefining \frac on input line 213.
\uproot@=\count102
\leftroot@=\count103
LaTeX Info: Redefining \overline on input line 375.
\classnum@=\count104
\DOTSCASE@=\count105
LaTeX Info: Redefining \ldots on input line 472.
LaTeX Info: Redefining \dots on input line 475.
LaTeX Info: Redefining \cdots on input line 596.
\Mathstrutbox@=\box30
\strutbox@=\box31
\big@size=\dimen117
LaTeX Font Info:    Redeclaring font encoding OML on input line 712.
LaTeX Font Info:    Redeclaring font encoding OMS on input line 713.
\macc@depth=\count106
\c@MaxMatrixCols=\count107
\dotsspace@=\muskip10
\c@parentequation=\count108
\dspbrk@lvl=\count109
\tag@help=\toks21
\row@=\count110
\column@=\count111
\maxfields@=\count112
\andhelp@=\toks22
\eqnshift@=\dimen118
\alignsep@=\dimen119
\tagshift@=\dimen120
\tagwidth@=\dimen121
\totwidth@=\dimen122
\lineht@=\dimen123
\@envbody=\toks23
\multlinegap=\skip48
\multlinetaggap=\skip49
\mathdisplay@stack=\toks24
LaTeX Info: Redefining \[ on input line 2817.
LaTeX Info: Redefining \] on input line 2818.
)
(/usr/share/texlive/texmf-dist/tex/latex/amsfonts/amssymb.sty
Package: amssymb 2013/01/14 v3.01 AMS font symbols
)
(/usr/share/texlive/texmf-dist/tex/latex/base/makeidx.sty
Package: makeidx 2014/09/29 v1.0m Standard LaTeX package
)
(/usr/share/texlive/texmf-dist/tex/latex/hepunits/hepunits.sty
Package: hepunits 2007/09/27 High-energy physics units by Andy Buckley (v1.1.1)


(/usr/share/texlive/texmf-dist/tex/latex/tools/xspace.sty
Package: xspace 2014/10/28 v1.13 Space after command names (DPC,MH)
)
(/usr/share/texlive/texmf-dist/tex/latex/SIunits/SIunits.sty
Package: SIunits 2007/12/02 v1.36 Support for the International System of units
 (MH)


\@qskwidth=\skip50
Now handling font encoding TS1 ...
... processing UTF-8 mapping file for font encoding TS1
(/usr/share/texlive/texmf-dist/tex/latex/base/ts1enc.dfu
File: ts1enc.dfu 2017/01/28 v1.1t UTF-8 support for inputenc
   defining Unicode char U+00A2 (decimal 162)
   defining Unicode char U+00A3 (decimal 163)
   defining Unicode char U+00A4 (decimal 164)
   defining Unicode char U+00A5 (decimal 165)
   defining Unicode char U+00A6 (decimal 166)
   defining Unicode char U+00A7 (decimal 167)
   defining Unicode char U+00A8 (decimal 168)
   defining Unicode char U+00A9 (decimal 169)
   defining Unicode char U+00AA (decimal 170)
   defining Unicode char U+00AC (decimal 172)
   defining Unicode char U+00AE (decimal 174)
   defining Unicode char U+00AF (decimal 175)
   defining Unicode char U+00B0 (decimal 176)
   defining Unicode char U+00B1 (decimal 177)
   defining Unicode char U+00B2 (decimal 178)
   defining Unicode char U+00B3 (decimal 179)
   defining Unicode char U+00B4 (decimal 180)
   defining Unicode char U+00B5 (decimal 181)
   defining Unicode char U+00B6 (decimal 182)
   defining Unicode char U+00B7 (decimal 183)
   defining Unicode char U+00B9 (decimal 185)
   defining Unicode char U+00BA (decimal 186)
   defining Unicode char U+00BC (decimal 188)
   defining Unicode char U+00BD (decimal 189)
   defining Unicode char U+00BE (decimal 190)
   defining Unicode char U+00D7 (decimal 215)
   defining Unicode char U+00F7 (decimal 247)
   defining Unicode char U+0192 (decimal 402)
   defining Unicode char U+02C7 (decimal 711)
   defining Unicode char U+02D8 (decimal 728)
   defining Unicode char U+02DD (decimal 733)
   defining Unicode char U+0E3F (decimal 3647)
   defining Unicode char U+2016 (decimal 8214)
   defining Unicode char U+2020 (decimal 8224)
   defining Unicode char U+2021 (decimal 8225)
   defining Unicode char U+2022 (decimal 8226)
   defining Unicode char U+2030 (decimal 8240)
   defining Unicode char U+2031 (decimal 8241)
   defining Unicode char U+203B (decimal 8251)
   defining Unicode char U+203D (decimal 8253)
   defining Unicode char U+2044 (decimal 8260)
   defining Unicode char U+204E (decimal 8270)
   defining Unicode char U+2052 (decimal 8274)
   defining Unicode char U+20A1 (decimal 8353)
   defining Unicode char U+20A4 (decimal 8356)
   defining Unicode char U+20A6 (decimal 8358)
   defining Unicode char U+20A9 (decimal 8361)
   defining Unicode char U+20AB (decimal 8363)
   defining Unicode char U+20AC (decimal 8364)
   defining Unicode char U+20B1 (decimal 8369)
   defining Unicode char U+2103 (decimal 8451)
   defining Unicode char U+2116 (decimal 8470)
   defining Unicode char U+2117 (decimal 8471)
   defining Unicode char U+211E (decimal 8478)
   defining Unicode char U+2120 (decimal 8480)
   defining Unicode char U+2122 (decimal 8482)
   defining Unicode char U+2126 (decimal 8486)
   defining Unicode char U+2127 (decimal 8487)
   defining Unicode char U+212E (decimal 8494)
   defining Unicode char U+2190 (decimal 8592)
   defining Unicode char U+2191 (decimal 8593)
   defining Unicode char U+2192 (decimal 8594)
   defining Unicode char U+2193 (decimal 8595)
   defining Unicode char U+2329 (decimal 9001)
   defining Unicode char U+232A (decimal 9002)
   defining Unicode char U+2422 (decimal 9250)
   defining Unicode char U+25E6 (decimal 9702)
   defining Unicode char U+25EF (decimal 9711)
   defining Unicode char U+266A (decimal 9834)
)
\symgreek=\mathgroup7

(/usr/share/texlive/texmf-dist/tex/latex/SIunits/SIunits.cfg)
LaTeX Info: Redefining \usk on input line 576.

Option `mediumspace' provided!
LaTeX Info: Redefining \@qsk on input line 576.
Option `thickqspace' provided!
Option `textstyle' provided!
Option `squaren' provided!
)) (/usr/share/texlive/texmf-dist/tex/latex/mhchem/mhchem.sty
Package: mhchem 2017/07/24 v4.07 for typesetting chemical formulae

(/usr/share/texlive/texmf-dist/tex/latex/l3kernel/expl3.sty
Package: expl3 2018/02/21 L3 programming layer (loader) 

(/usr/share/texlive/texmf-dist/tex/latex/l3kernel/expl3-code.tex
Package: expl3 2018/02/21 L3 programming layer (code)
\c_max_int=\count113
\l_tmpa_int=\count114
\l_tmpb_int=\count115
\g_tmpa_int=\count116
\g_tmpb_int=\count117
\g__intarray_font_int=\count118
\g__prg_map_int=\count119
\c_log_iow=\count120
\l_iow_line_count_int=\count121
\l__iow_line_target_int=\count122
\l__iow_one_indent_int=\count123
\l__iow_indent_int=\count124
\c_zero_dim=\dimen124
\c_max_dim=\dimen125
\l_tmpa_dim=\dimen126
\l_tmpb_dim=\dimen127
\g_tmpa_dim=\dimen128
\g_tmpb_dim=\dimen129
\c_zero_skip=\skip51
\c_max_skip=\skip52
\l_tmpa_skip=\skip53
\l_tmpb_skip=\skip54
\g_tmpa_skip=\skip55
\g_tmpb_skip=\skip56
\c_zero_muskip=\muskip11
\c_max_muskip=\muskip12
\l_tmpa_muskip=\muskip13
\l_tmpb_muskip=\muskip14
\g_tmpa_muskip=\muskip15
\g_tmpb_muskip=\muskip16
\l_keys_choice_int=\count125
\c__fp_leading_shift_int=\count126
\c__fp_middle_shift_int=\count127
\c__fp_trailing_shift_int=\count128
\c__fp_big_leading_shift_int=\count129
\c__fp_big_middle_shift_int=\count130
\c__fp_big_trailing_shift_int=\count131
\c__fp_Bigg_leading_shift_int=\count132
\c__fp_Bigg_middle_shift_int=\count133
\c__fp_Bigg_trailing_shift_int=\count134
\c__fp_rand_size_int=\count135
\c__fp_rand_four_int=\count136
\c__fp_rand_eight_int=\count137
\l__sort_length_int=\count138
\l__sort_min_int=\count139
\l__sort_top_int=\count140
\l__sort_max_int=\count141
\l__sort_true_max_int=\count142
\l__sort_block_int=\count143
\l__sort_begin_int=\count144
\l__sort_end_int=\count145
\l__sort_A_int=\count146
\l__sort_B_int=\count147
\l__sort_C_int=\count148
\l__tl_build_start_index_int=\count149
\l__tl_build_index_int=\count150
\l__tl_analysis_normal_int=\count151
\l__tl_analysis_index_int=\count152
\l__tl_analysis_nesting_int=\count153
\l__tl_analysis_type_int=\count154
\l__regex_internal_a_int=\count155
\l__regex_internal_b_int=\count156
\l__regex_internal_c_int=\count157
\l__regex_balance_int=\count158
\l__regex_group_level_int=\count159
\l__regex_mode_int=\count160
\c__regex_cs_in_class_mode_int=\count161
\c__regex_cs_mode_int=\count162
\l__regex_catcodes_int=\count163
\l__regex_default_catcodes_int=\count164
\c__regex_catcode_D_int=\count165
\c__regex_catcode_S_int=\count166
\c__regex_catcode_L_int=\count167
\c__regex_catcode_O_int=\count168
\c__regex_catcode_A_int=\count169
\c__regex_all_catcodes_int=\count170
\l__regex_show_lines_int=\count171
\l__regex_min_state_int=\count172
\l__regex_max_state_int=\count173
\l__regex_left_state_int=\count174
\l__regex_right_state_int=\count175
\l__regex_capturing_group_int=\count176
\l__regex_min_pos_int=\count177
\l__regex_max_pos_int=\count178
\l__regex_curr_pos_int=\count179
\l__regex_start_pos_int=\count180
\l__regex_success_pos_int=\count181
\l__regex_curr_char_int=\count182
\l__regex_curr_catcode_int=\count183
\l__regex_last_char_int=\count184
\l__regex_case_changed_char_int=\count185
\l__regex_curr_state_int=\count186
\l__regex_step_int=\count187
\l__regex_min_active_int=\count188
\l__regex_max_active_int=\count189
\l__regex_replacement_csnames_int=\count190
\l__regex_match_count_int=\count191
\l__regex_min_submatch_int=\count192
\l__regex_submatch_int=\count193
\l__regex_zeroth_submatch_int=\count194
\g__regex_trace_regex_int=\count195
\c_empty_box=\box32
\l_tmpa_box=\box33
\l_tmpb_box=\box34
\g_tmpa_box=\box35
\g_tmpb_box=\box36
\l__box_top_dim=\dimen130
\l__box_bottom_dim=\dimen131
\l__box_left_dim=\dimen132
\l__box_right_dim=\dimen133
\l__box_top_new_dim=\dimen134
\l__box_bottom_new_dim=\dimen135
\l__box_left_new_dim=\dimen136
\l__box_right_new_dim=\dimen137
\l__box_internal_box=\box37
\l__coffin_internal_box=\box38
\l__coffin_internal_dim=\dimen138
\l__coffin_offset_x_dim=\dimen139
\l__coffin_offset_y_dim=\dimen140
\l__coffin_x_dim=\dimen141
\l__coffin_y_dim=\dimen142
\l__coffin_x_prime_dim=\dimen143
\l__coffin_y_prime_dim=\dimen144
\c_empty_coffin=\box39
\l__coffin_aligned_coffin=\box40
\l__coffin_aligned_internal_coffin=\box41
\l_tmpa_coffin=\box42
\l_tmpb_coffin=\box43
\l__coffin_display_coffin=\box44
\l__coffin_display_coord_coffin=\box45
\l__coffin_display_pole_coffin=\box46
\l__coffin_display_offset_dim=\dimen145
\l__coffin_display_x_dim=\dimen146
\l__coffin_display_y_dim=\dimen147
\l__coffin_bounding_shift_dim=\dimen148
\l__coffin_left_corner_dim=\dimen149
\l__coffin_right_corner_dim=\dimen150
\l__coffin_bottom_corner_dim=\dimen151
\l__coffin_top_corner_dim=\dimen152
\l__coffin_scaled_total_height_dim=\dimen153
\l__coffin_scaled_width_dim=\dimen154
)
(/usr/share/texlive/texmf-dist/tex/latex/l3kernel/l3pdfmode.def
File: l3pdfmode.def 2017/03/18 v L3 Experimental driver: PDF mode
\l__driver_color_stack_int=\count196
\l__driver_tmp_box=\box47
))
(/usr/share/texlive/texmf-dist/tex/latex/l3packages/l3keys2e/l3keys2e.sty
Package: l3keys2e 2018/02/21 LaTeX2e option processing using LaTeX3 keys
)
(/usr/share/texlive/texmf-dist/tex/latex/tools/calc.sty
Package: calc 2014/10/28 v4.3 Infix arithmetic (KKT,FJ)
\calc@Acount=\count197
\calc@Bcount=\count198
\calc@Adimen=\dimen155
\calc@Bdimen=\dimen156
\calc@Askip=\skip57
\calc@Bskip=\skip58
LaTeX Info: Redefining \setlength on input line 80.
LaTeX Info: Redefining \addtolength on input line 81.
\calc@Ccount=\count199
\calc@Cskip=\skip59
)
(/usr/share/texlive/texmf-dist/tex/latex/chemgreek/chemgreek.sty
(/usr/share/texlive/texmf-dist/tex/latex/l3packages/xparse/xparse.sty
Package: xparse 2018/02/21 L3 Experimental document command parser
\l__xparse_current_arg_int=\count266
\g__xparse_grabber_int=\count267
\l__xparse_m_args_int=\count268
\l__xparse_mandatory_args_int=\count269
\l__xparse_v_nesting_int=\count270
)
Package: chemgreek 2016/12/20 v1.1 interfaceforuprightgreeklettersforuseinchemi
stry (CN)
\l__chemgreek_tmpa_int=\count271
\g__chemgreek_tmpa_int=\count272
.................................................
. LaTeX info: "xparse/define-command"
. 
. Defining command \newchemgreekmapping with sig. 'O{}mm' on line 336.
.................................................
.................................................
. LaTeX info: "xparse/define-command"
. 
. Defining command \renewchemgreekmapping with sig. 'O{}mm' on line 339.
.................................................
.................................................
. LaTeX info: "xparse/define-command"
. 
. Defining command \declarechemgreekmapping with sig. 'O{}mm' on line 342.
.................................................
.................................................
. LaTeX info: "xparse/define-command"
. 
. Defining command \newchemgreekmappingalias with sig. 'mm' on line 347.
.................................................
.................................................
. LaTeX info: "xparse/define-command"
. 
. Defining command \renewchemgreekmappingalias with sig. 'mm' on line 350.
.................................................
.................................................
. LaTeX info: "xparse/define-command"
. 
. Defining command \declarechemgreekmappingalias with sig. 'mm' on line 353.
.................................................
.................................................
. LaTeX info: "xparse/define-command"
. 
. Defining command \changechemgreeksymbol with sig. 'mmmm' on line 383.
.................................................
.................................................
. LaTeX info: "xparse/define-command"
. 
. Defining command \chemgreekmappingsymbol with sig. 'mm' on line 477.
.................................................
.................................................
. LaTeX info: "xparse/define-command"
. 
. Defining command \activatechemgreekmapping with sig. 'sm' on line 486.
.................................................
.................................................
. LaTeX info: "xparse/define-command"
. 
. Defining command \selectchemgreekmapping with sig. 'm' on line 491.
.................................................
)
\l__mhchem_ce_distanceFromLastComma_int=\count273
\__mhchem_arrow_extPgfLength_skip=\skip60
\mhchem@minispace@tmp=\skip61
\mhchem@minibackspace@tmp=\skip62
\mhchem@bondwidth=\skip63
\mhchem@bondheight=\skip64
\mhchem@smallbondwidth@tmpA=\skip65
\mhchem@smallbondwidth@tmpB=\skip66
\mhchem@smallbondwidth=\skip67
\mhchem@bondtmp@minussidebearingleft=\skip68
\mhchem@bondtmp@minussidebearingright=\skip69
\l__mhchem_option_version_int=\count274
\mhchem@option@minusmathsidebearingleft=\dimen157
\mhchem@option@minusmathsidebearingright=\dimen158
\mhchem@option@minustextsidebearingleft=\dimen159
\mhchem@option@minustextsidebearingright=\dimen160
)
(/usr/share/texlive/texmf-dist/tex/latex/hyperref/hyperref.sty
Package: hyperref 2018/02/06 v6.86b Hypertext links for LaTeX

(/usr/share/texlive/texmf-dist/tex/generic/oberdiek/hobsub-hyperref.sty
Package: hobsub-hyperref 2016/05/16 v1.14 Bundle oberdiek, subset hyperref (HO)


(/usr/share/texlive/texmf-dist/tex/generic/oberdiek/hobsub-generic.sty
Package: hobsub-generic 2016/05/16 v1.14 Bundle oberdiek, subset generic (HO)
Package: hobsub 2016/05/16 v1.14 Construct package bundles (HO)
Package: infwarerr 2016/05/16 v1.4 Providing info/warning/error messages (HO)
Package: ltxcmds 2016/05/16 v1.23 LaTeX kernel commands for general use (HO)
Package: ifluatex 2016/05/16 v1.4 Provides the ifluatex switch (HO)
Package ifluatex Info: LuaTeX not detected.
Package hobsub Info: Skipping package `ifvtex' (already loaded).
Package: intcalc 2016/05/16 v1.2 Expandable calculations with integers (HO)
Package hobsub Info: Skipping package `ifpdf' (already loaded).
Package: etexcmds 2016/05/16 v1.6 Avoid name clashes with e-TeX commands (HO)
Package etexcmds Info: Could not find \expanded.
(etexcmds)             That can mean that you are not using pdfTeX 1.50 or
(etexcmds)             that some package has redefined \expanded.
(etexcmds)             In the latter case, load this package earlier.
Package: kvsetkeys 2016/05/16 v1.17 Key value parser (HO)
Package: kvdefinekeys 2016/05/16 v1.4 Define keys (HO)
Package: pdftexcmds 2018/01/21 v0.26 Utility functions of pdfTeX for LuaTeX (HO
)
Package pdftexcmds Info: LuaTeX not detected.
Package pdftexcmds Info: \pdf@primitive is available.
Package pdftexcmds Info: \pdf@ifprimitive is available.
Package pdftexcmds Info: \pdfdraftmode found.
Package: pdfescape 2016/05/16 v1.14 Implements pdfTeX's escape features (HO)
Package: bigintcalc 2016/05/16 v1.4 Expandable calculations on big integers (HO
)
Package: bitset 2016/05/16 v1.2 Handle bit-vector datatype (HO)
Package: uniquecounter 2016/05/16 v1.3 Provide unlimited unique counter (HO)
)
Package hobsub Info: Skipping package `hobsub' (already loaded).
Package: letltxmacro 2016/05/16 v1.5 Let assignment for LaTeX macros (HO)
Package: hopatch 2016/05/16 v1.3 Wrapper for package hooks (HO)
Package: xcolor-patch 2016/05/16 xcolor patch
Package: atveryend 2016/05/16 v1.9 Hooks at the very end of document (HO)
Package atveryend Info: \enddocument detected (standard20110627).
Package: atbegshi 2016/06/09 v1.18 At begin shipout hook (HO)
Package: refcount 2016/05/16 v3.5 Data extraction from label references (HO)
Package: hycolor 2016/05/16 v1.8 Color options for hyperref/bookmark (HO)
)
(/usr/share/texlive/texmf-dist/tex/latex/oberdiek/auxhook.sty
Package: auxhook 2016/05/16 v1.4 Hooks for auxiliary files (HO)
)
(/usr/share/texlive/texmf-dist/tex/latex/oberdiek/kvoptions.sty
Package: kvoptions 2016/05/16 v3.12 Key value format for package options (HO)
)
\@linkdim=\dimen161
\Hy@linkcounter=\count275
\Hy@pagecounter=\count276

(/usr/share/texlive/texmf-dist/tex/latex/hyperref/pd1enc.def
File: pd1enc.def 2018/02/06 v6.86b Hyperref: PDFDocEncoding definition (HO)
Now handling font encoding PD1 ...
... no UTF-8 mapping file for font encoding PD1
)
\Hy@SavedSpaceFactor=\count277

(/usr/share/texlive/texmf-dist/tex/latex/latexconfig/hyperref.cfg
File: hyperref.cfg 2002/06/06 v1.2 hyperref configuration of TeXLive
)
Package hyperref Info: Hyper figures OFF on input line 4509.
Package hyperref Info: Link nesting OFF on input line 4514.
Package hyperref Info: Hyper index ON on input line 4517.
Package hyperref Info: Plain pages OFF on input line 4524.
Package hyperref Info: Backreferencing OFF on input line 4529.
Package hyperref Info: Implicit mode ON; LaTeX internals redefined.
Package hyperref Info: Bookmarks ON on input line 4762.
\c@Hy@tempcnt=\count278

(/usr/share/texlive/texmf-dist/tex/latex/url/url.sty
\Urlmuskip=\muskip17
Package: url 2013/09/16  ver 3.4  Verb mode for urls, etc.
)
LaTeX Info: Redefining \url on input line 5115.
\XeTeXLinkMargin=\dimen162
\Fld@menulength=\count279
\Field@Width=\dimen163
\Fld@charsize=\dimen164
Package hyperref Info: Hyper figures OFF on input line 6369.
Package hyperref Info: Link nesting OFF on input line 6374.
Package hyperref Info: Hyper index ON on input line 6377.
Package hyperref Info: backreferencing OFF on input line 6384.
Package hyperref Info: Link coloring OFF on input line 6389.
Package hyperref Info: Link coloring with OCG OFF on input line 6394.
Package hyperref Info: PDF/A mode OFF on input line 6399.
LaTeX Info: Redefining \ref on input line 6439.
LaTeX Info: Redefining \pageref on input line 6443.
\Hy@abspage=\count280
\c@Item=\count281
\c@Hfootnote=\count282
)
Package hyperref Info: Driver (autodetected): hpdftex.

(/usr/share/texlive/texmf-dist/tex/latex/hyperref/hpdftex.def
File: hpdftex.def 2018/02/06 v6.86b Hyperref driver for pdfTeX
\Fld@listcount=\count283
\c@bookmark@seq@number=\count284

(/usr/share/texlive/texmf-dist/tex/latex/oberdiek/rerunfilecheck.sty
Package: rerunfilecheck 2016/05/16 v1.8 Rerun checks for auxiliary files (HO)
Package uniquecounter Info: New unique counter `rerunfilecheck' on input line 2
82.
)
\Hy@SectionHShift=\skip70
)
(/usr/share/texlive/texmf-dist/tex/latex/caption/caption.sty
Package: caption 2016/02/21 v3.3-144 Customizing captions (AR)

(/usr/share/texlive/texmf-dist/tex/latex/caption/caption3.sty
Package: caption3 2016/05/22 v1.7-166 caption3 kernel (AR)
Package caption3 Info: TeX engine: e-TeX on input line 67.
\captionmargin=\dimen165
\captionmargin@=\dimen166
\captionwidth=\dimen167
\caption@tempdima=\dimen168
\caption@indent=\dimen169
\caption@parindent=\dimen170
\caption@hangindent=\dimen171
)
\c@ContinuedFloat=\count285
Package caption Info: hyperref package is loaded.
Package caption Info: longtable package is loaded.

(/usr/share/texlive/texmf-dist/tex/latex/caption/ltcaption.sty
Package: ltcaption 2013/06/09 v1.4-94 longtable captions (AR)
))
(/usr/share/texlive/texmf-dist/tex/latex/caption/subcaption.sty
Package: subcaption 2016/05/22 v1.1-161 Sub-captions (AR)
\c@subfigure=\count286
\c@subtable=\count287
)
(/usr/share/texlive/texmf-dist/tex/latex/setspace/setspace.sty
Package: setspace 2011/12/19 v6.7a set line spacing
)
(/usr/share/texlive/texmf-dist/tex/latex/eurosym/eurosym.sty
Package: eurosym 1998/08/06 v1.1 European currency symbol ``Euro''
\@eurobox=\box48
))
(./Tesis_Marcos_Martinez_Roig_v3.aux)
\openout1 = `Tesis_Marcos_Martinez_Roig_v3.aux'.

LaTeX Font Info:    Checking defaults for OML/cmm/m/it on input line 5.
LaTeX Font Info:    ... okay on input line 5.
LaTeX Font Info:    Checking defaults for T1/cmr/m/n on input line 5.
LaTeX Font Info:    ... okay on input line 5.
LaTeX Font Info:    Checking defaults for OT1/cmr/m/n on input line 5.
LaTeX Font Info:    ... okay on input line 5.
LaTeX Font Info:    Checking defaults for OMS/cmsy/m/n on input line 5.
LaTeX Font Info:    ... okay on input line 5.
LaTeX Font Info:    Checking defaults for OMX/cmex/m/n on input line 5.
LaTeX Font Info:    ... okay on input line 5.
LaTeX Font Info:    Checking defaults for U/cmr/m/n on input line 5.
LaTeX Font Info:    ... okay on input line 5.
LaTeX Font Info:    Checking defaults for TS1/cmr/m/n on input line 5.
LaTeX Font Info:    Try loading font information for TS1+cmr on input line 5.

(/usr/share/texlive/texmf-dist/tex/latex/base/ts1cmr.fd
File: ts1cmr.fd 2014/09/29 v2.5h Standard LaTeX font definitions
)
LaTeX Font Info:    ... okay on input line 5.
LaTeX Font Info:    Checking defaults for PD1/pdf/m/n on input line 5.
LaTeX Font Info:    ... okay on input line 5.

*geometry* driver: auto-detecting
*geometry* detected driver: pdftex
*geometry* verbose mode - [ preamble ] result:
* driver: pdftex
* paper: custom
* layout: <same size as paper>
* layoutoffset:(h,v)=(0.0pt,0.0pt)
* modes: twoside 
* h-part:(L,W,R)=(42.67912pt, 384.11221pt, 56.9055pt)
* v-part:(T,H,B)=(71.13188pt, 540.60237pt, 71.13188pt)
* \paperwidth=483.69684pt
* \paperheight=682.86613pt
* \textwidth=384.11221pt
* \textheight=540.60237pt
* \oddsidemargin=-29.59087pt
* \evensidemargin=-15.36449pt
* \topmargin=-33.0119pt
* \headheight=12.0pt
* \headsep=19.8738pt
* \topskip=12.0pt
* \footskip=30.0pt
* \marginparwidth=88.0pt
* \marginparsep=7.0pt
* \columnsep=10.0pt
* \skip\footins=10.8pt plus 4.0pt minus 2.0pt
* \hoffset=0.0pt
* \voffset=0.0pt
* \mag=1000
* \@twocolumnfalse
* \@twosidetrue
* \@mparswitchtrue
* \@reversemarginfalse
* (1in=72.27pt=25.4mm, 1cm=28.453pt)

(/usr/share/texlive/texmf-dist/tex/context/base/mkii/supp-pdf.mkii
[Loading MPS to PDF converter (version 2006.09.02).]
\scratchcounter=\count288
\scratchdimen=\dimen172
\scratchbox=\box49
\nofMPsegments=\count289
\nofMParguments=\count290
\everyMPshowfont=\toks25
\MPscratchCnt=\count291
\MPscratchDim=\dimen173
\MPnumerator=\count292
\makeMPintoPDFobject=\count293
\everyMPtoPDFconversion=\toks26
) (/usr/share/texlive/texmf-dist/tex/latex/oberdiek/epstopdf-base.sty
Package: epstopdf-base 2016/05/15 v2.6 Base part for package epstopdf

(/usr/share/texlive/texmf-dist/tex/latex/oberdiek/grfext.sty
Package: grfext 2016/05/16 v1.2 Manage graphics extensions (HO)
)
Package epstopdf-base Info: Redefining graphics rule for `.eps' on input line 4
38.
Package grfext Info: Graphics extension search list:
(grfext)             [.pdf,.png,.jpg,.mps,.jpeg,.jbig2,.jb2,.PDF,.PNG,.JPG,.JPE
G,.JBIG2,.JB2,.eps]
(grfext)             \AppendGraphicsExtensions on input line 456.

(/usr/share/texlive/texmf-dist/tex/latex/latexconfig/epstopdf-sys.cfg
File: epstopdf-sys.cfg 2010/07/13 v1.3 Configuration of (r)epstopdf for TeX Liv
e
))
Option `squaren' provided! 
 Command \squaren defined by SIunits package!

LaTeX Info: Redefining \micro on input line 5.
.................................................
. chemgreek info: "mapping-activated"
. 
. Activating mapping `default' on line 5.
.................................................
\AtBeginShipoutBox=\box50
Package hyperref Info: Link coloring OFF on input line 5.
(/usr/share/texlive/texmf-dist/tex/latex/hyperref/nameref.sty
Package: nameref 2016/05/21 v2.44 Cross-referencing by name of section

(/usr/share/texlive/texmf-dist/tex/generic/oberdiek/gettitlestring.sty
Package: gettitlestring 2016/05/16 v1.5 Cleanup title references (HO)
)
\c@section@level=\count294
)
LaTeX Info: Redefining \ref on input line 5.
LaTeX Info: Redefining \pageref on input line 5.
LaTeX Info: Redefining \nameref on input line 5.

(./Tesis_Marcos_Martinez_Roig_v3.out) (./Tesis_Marcos_Martinez_Roig_v3.out)
\@outlinefile=\write3
\openout3 = `Tesis_Marcos_Martinez_Roig_v3.out'.

Package caption Info: Begin \AtBeginDocument code.
Package caption Info: End \AtBeginDocument code.

(./Sections/0Previous_pages/02Cover_page.tex
<Figures/1Cover_page/Logo2.jpg, id=305, 1768.6075pt x 2334.7225pt>
File: Figures/1Cover_page/Logo2.jpg Graphic file (type jpg)
<use Figures/1Cover_page/Logo2.jpg>
Package pdftex.def Info: Figures/1Cover_page/Logo2.jpg  used on input line 27.
(pdftex.def)             Requested size: 106.11186pt x 140.0773pt.
 [1


{/var/lib/texmf/fonts/map/pdftex/updmap/pdftex.map} <./Figures/1Cover_page/Logo
2.jpg>])
LaTeX Font Info:    Try loading font information for U+msa on input line 9.

(/usr/share/texlive/texmf-dist/tex/latex/amsfonts/umsa.fd
File: umsa.fd 2013/01/14 v3.01 AMS symbols A
)
LaTeX Font Info:    Try loading font information for U+msb on input line 9.

(/usr/share/texlive/texmf-dist/tex/latex/amsfonts/umsb.fd
File: umsb.fd 2013/01/14 v3.01 AMS symbols B
)
LaTeX Font Info:    Try loading font information for U+rsfs on input line 9.

(/usr/share/texlive/texmf-dist/tex/latex/jknapltx/ursfs.fd
File: ursfs.fd 1998/03/24 rsfs font definition file (jk)
) [2] [1

] [2

]
(./Sections/0Previous_pages/03Acknowledgements.tex
LaTeX Font Info:    Try loading font information for OMS+cmr on input line 11.

(/usr/share/texlive/texmf-dist/tex/latex/base/omscmr.fd
File: omscmr.fd 2014/09/29 v2.5h Standard LaTeX font definitions
)
LaTeX Font Info:    Font shape `OMS/cmr/m/n' in size <12> not available
(Font)              Font shape `OMS/cmsy/m/n' tried instead on input line 11.
 [3]
Overfull \hbox (12.57596pt too wide) in paragraph at lines 23--24
\T1/cmr/m/n/12 Luis Jor-dan, Jose Vi-cente Civera Navar-rete, Tchogna Davis, Da
niel) 
 []

) [4] (./Sections/0Previous_pages/04Abstract.tex
Underfull \vbox (badness 10000) has occurred while \output is active []

 [5

])
[6] (./Sections/0Previous_pages/05NomenclatureAcronyms.tex
Overfull \hbox (76.19986pt too wide) in alignment at lines 1--22
 [] [] [] 
 []


Overfull \hbox (76.19986pt too wide) in alignment at lines 22--42
 [] [] [] 
 []


Overfull \hbox (76.19986pt too wide) in alignment at lines 42--63
 [] [] [] 
 []

[7

]
Overfull \hbox (76.19986pt too wide) in alignment at lines 63--87
 [] [] [] 
 []

[8]
Overfull \hbox (76.19986pt too wide) in alignment at lines 87--117
 [] [] [] 
 []


Overfull \hbox (76.19986pt too wide) in alignment at lines 117--141
 [] [] [] 
 []

[9]
Overfull \hbox (76.19986pt too wide) in alignment at lines 141--163
 [] [] [] 
 []

[10]
Overfull \hbox (76.19986pt too wide) in alignment at lines 163--170
 [] [] [] 
 []

) [11] [12

] (./Tesis_Marcos_Martinez_Roig_v3.toc
Underfull \vbox (badness 10000) has occurred while \output is active []

 [13]
Underfull \vbox (badness 10000) has occurred while \output is active []

 [14]
Underfull \vbox (badness 10000) has occurred while \output is active []

 [15]
Underfull \vbox (badness 10000) has occurred while \output is active []

 [16])
\tf@toc=\write4
\openout4 = `Tesis_Marcos_Martinez_Roig_v3.toc'.


[17] [18

] (./Tesis_Marcos_Martinez_Roig_v3.lof
Underfull \vbox (badness 4713) has occurred while \output is active []

 [19]
Overfull \hbox (7.12296pt too wide) in paragraph at lines 20--20
 [][] [][]\T1/cmr/m/n/12 Quantum ef-fi-ciency spec-trum for the PMT used (R8520
-406). [[]][] []  
 []


Overfull \hbox (4.3396pt too wide) in paragraph at lines 21--21
 [][] [][]\T1/cmr/m/n/12 Hamamatsu com-mer-cial volt-age di-vider elec-tronic c
ir-cuit. Up- 
 []

[20])
\tf@lof=\write5
\openout5 = `Tesis_Marcos_Martinez_Roig_v3.lof'.

 [21] [22

] (./Tesis_Marcos_Martinez_Roig_v3.lot
Underfull \vbox (badness 10000) has occurred while \output is active []

 [23])
\tf@lot=\write6
\openout6 = `Tesis_Marcos_Martinez_Roig_v3.lot'.


[24]
Chapter 1.
(./Sections/1Introduction/11Introduccion.tex
<Figures/2Introduction/RadioactiveDosePopulation.png, id=701, 558.085pt x 347.2
975pt>
File: Figures/2Introduction/RadioactiveDosePopulation.png Graphic file (type pn
g)
<use Figures/2Introduction/RadioactiveDosePopulation.png>
Package pdftex.def Info: Figures/2Introduction/RadioactiveDosePopulation.png  u
sed on input line 8.
(pdftex.def)             Requested size: 279.04182pt x 173.64832pt.


LaTeX Warning: `h' float specifier changed to `ht'.


LaTeX Warning: `h' float specifier changed to `ht'.


Underfull \vbox (badness 6316) has occurred while \output is active []

pdfTeX warning (ext4): destination with the same identifier (name{page.1}) has 
been already used, duplicate ignored
<to be read again> 
                   \relax 
l.34 
      [1

]pdfTeX warning (ext4): destination with the same identifier (name{page.2}) has
 been already used, duplicate ignored
<to be read again> 
                   \relax 
l.40 
      [2 <./Figures/2Introduction/RadioactiveDosePopulation.png>] [3] [4]
<Figures/2Introduction/REA.png, id=758, 768.8725pt x 577.15625pt>
File: Figures/2Introduction/REA.png Graphic file (type png)
<use Figures/2Introduction/REA.png>
Package pdftex.def Info: Figures/2Introduction/REA.png  used on input line 66.
(pdftex.def)             Requested size: 172.84932pt x 129.74887pt.
<Figures/2Introduction/REM.png, id=761, 767.86874pt x 581.17125pt>
File: Figures/2Introduction/REM.png Graphic file (type png)
<use Figures/2Introduction/REM.png>
Package pdftex.def Info: Figures/2Introduction/REM.png  used on input line 72.
(pdftex.def)             Requested size: 172.84932pt x 130.81996pt.

Underfull \vbox (badness 1472) has occurred while \output is active []

 [5 <./Figures/2Introduction/REA.png> <./Figures/2Introduction/REM.png>]
Underfull \vbox (badness 4792) has occurred while \output is active []

 [6]
[7]) (./Sections/1Introduction/12Tritium_properties.tex
Underfull \vbox (badness 10000) has occurred while \output is active []

 [8]
Underfull \vbox (badness 10000) has occurred while \output is active []

 [9]
<Figures/2Introduction/CofrentesMaps.png, id=851, 406.51875pt x 359.3425pt>
File: Figures/2Introduction/CofrentesMaps.png Graphic file (type png)
<use Figures/2Introduction/CofrentesMaps.png>
Package pdftex.def Info: Figures/2Introduction/CofrentesMaps.png  used on input
 line 74.
(pdftex.def)             Requested size: 203.25887pt x 179.6708pt.
<Figures/2Introduction/6km_before.png, id=852, 883.04906pt x 426.84468pt>
File: Figures/2Introduction/6km_before.png Graphic file (type png)
<use Figures/2Introduction/6km_before.png>
Package pdftex.def Info: Figures/2Introduction/6km_before.png  used on input li
ne 83.
(pdftex.def)             Requested size: 268.87737pt x 129.96924pt.
<Figures/2Introduction/1km_after.png, id=853, 880.79062pt x 426.84468pt>
File: Figures/2Introduction/1km_after.png Graphic file (type png)
<use Figures/2Introduction/1km_after.png>
Package pdftex.def Info: Figures/2Introduction/1km_after.png  used on input lin
e 89.
(pdftex.def)             Requested size: 268.87737pt x 130.3014pt.
<Figures/2Introduction/5km_after.png, id=854, 883.80188pt x 426.09187pt>
File: Figures/2Introduction/5km_after.png Graphic file (type png)
<use Figures/2Introduction/5km_after.png>
Package pdftex.def Info: Figures/2Introduction/5km_after.png  used on input lin
e 95.
(pdftex.def)             Requested size: 268.87737pt x 129.62949pt.

[10]
<Figures/2Introduction/Subterranea_before.png, id=865, 889.07156pt x 426.84468p
t>
File: Figures/2Introduction/Subterranea_before.png Graphic file (type png)
<use Figures/2Introduction/Subterranea_before.png>
Package pdftex.def Info: Figures/2Introduction/Subterranea_before.png  used on 
input line 110.
(pdftex.def)             Requested size: 268.87737pt x 129.08347pt.
<Figures/2Introduction/Subterranea_1_km_later.png, id=866, 881.54344pt x 428.35
031pt>
File: Figures/2Introduction/Subterranea_1_km_later.png Graphic file (type png)
<use Figures/2Introduction/Subterranea_1_km_later.png>
Package pdftex.def Info: Figures/2Introduction/Subterranea_1_km_later.png  used
 on input line 116.
(pdftex.def)             Requested size: 268.87737pt x 130.64992pt.

Underfull \vbox (badness 10000) has occurred while \output is active []

 [11 <./Figures/2Introduction/CofrentesMaps.png>] [12 <./Figures/2Introduction/
6km_before.png> <./Figures/2Introduction/1km_after.png> <./Figures/2Introductio
n/5km_after.png>] [13 <./Figures/2Introduction/Subterranea_before.png> <./Figur
es/2Introduction/Subterranea_1_km_later.png>]
<Figures/2Introduction/esquema_niveles_energeticos.png, id=893, 460.72125pt x 2
37.88875pt>
File: Figures/2Introduction/esquema_niveles_energeticos.png Graphic file (type 
png)
<use Figures/2Introduction/esquema_niveles_energeticos.png>
Package pdftex.def Info: Figures/2Introduction/esquema_niveles_energeticos.png 
 used on input line 138.
(pdftex.def)             Requested size: 172.84932pt x 89.24799pt.
<Figures/2Introduction/representacion_desintegracion.png, id=896, 258.9675pt x 
232.87pt>
File: Figures/2Introduction/representacion_desintegracion.png Graphic file (typ
e png)
<use Figures/2Introduction/representacion_desintegracion.png>
Package pdftex.def Info: Figures/2Introduction/representacion_desintegracion.pn
g  used on input line 144.
(pdftex.def)             Requested size: 172.84932pt x 155.43578pt.
<Figures/2Introduction/Espectro_tritio.png, id=900, 581.17125pt x 442.65375pt>
File: Figures/2Introduction/Espectro_tritio.png Graphic file (type png)
<use Figures/2Introduction/Espectro_tritio.png>
Package pdftex.def Info: Figures/2Introduction/Espectro_tritio.png  used on inp
ut line 154.
(pdftex.def)             Requested size: 348.70544pt x 265.59428pt.

Underfull \vbox (badness 10000) has occurred while \output is active []

 [14 <./Figures/2Introduction/esquema_niveles_energeticos.png> <./Figures/2Intr
oduction/representacion_desintegracion.png>] [15 <./Figures/2Introduction/Espec
tro_tritio.png>] [16]) (./Sections/1Introduction/13Legislation.tex [17]
Underfull \vbox (badness 10000) has occurred while \output is active []

 [18]
Overfull \hbox (5.13531pt too wide) in paragraph at lines 20--21
[]\T1/cmr/m/n/12 Most of the coun-tries in the world im-ple-ment the RDL of $\O
T1/cmr/m/n/12 0\OML/cmm/m/it/12 :\OT1/cmr/m/n/12 1 [][]\OML/cmm/m/it/12 =$\T1/c
mr/m/n/12 yr
 []


Overfull \hbox (34.4654pt too wide) in paragraph at lines 26--27
\OT1/cmr/m/n/12 4 [][] (0\OML/cmm/m/it/12 :\OT1/cmr/m/n/12 04 [][])$\T1/cmr/m/n
/12 , which cor-re-sponds to a le-gal limit of $\OT1/cmr/m/n/12 20 [][]\OML/cmm
/m/it/12 =[] \OT1/cmr/m/n/12 (740 []\OML/cmm/m/it/12 =[]\OT1/cmr/m/n/12 )$
 []

[19]) [20]
Chapter 2.
(./Sections/2TritiumDetection/21State_of_the_art.tex
Overfull \hbox (2.93669pt too wide) in paragraph at lines 9--9
 []\T1/cmr/m/n/12 Scintillation 
 []


Underfull \vbox (badness 4096) has occurred while \output is active []

 [21

]
Underfull \vbox (badness 10000) has occurred while \output is active []

 [22]
[23]
Overfull \hbox (0.81647pt too wide) in paragraph at lines 51--51
 []$\OML/cmm/m/it/12 "[]\OT1/cmr/m/n/12 ([])$ 
 []

) [24] (./Sections/2TritiumDetection/22Tritium_project.tex
Underfull \vbox (badness 1253) has occurred while \output is active []

 [25]
<Figures/2Introduction/ArrocampoDam.jpeg, id=1082, 309.155pt x 164.615pt>
File: Figures/2Introduction/ArrocampoDam.jpeg Graphic file (type jpg)
<use Figures/2Introduction/ArrocampoDam.jpeg>
Package pdftex.def Info: Figures/2Introduction/ArrocampoDam.jpeg  used on input
 line 19.
(pdftex.def)             Requested size: 172.84932pt x 92.04059pt.
<Figures/2Introduction/RioTajo.jpeg, id=1083, 302.12875pt x 167.62625pt>
File: Figures/2Introduction/RioTajo.jpeg Graphic file (type jpg)
<use Figures/2Introduction/RioTajo.jpeg>
Package pdftex.def Info: Figures/2Introduction/RioTajo.jpeg  used on input line
 25.
(pdftex.def)             Requested size: 172.84932pt x 95.89836pt.

Underfull \vbox (badness 10000) has occurred while \output is active []

 [26 <./Figures/2Introduction/ArrocampoDam.jpeg> <./Figures/2Introduction/RioTa
jo.jpeg>]
Overfull \hbox (4.10345pt too wide) in paragraph at lines 35--36
\T1/cmr/m/n/12 ter sys-tem to pro-duce wa-ter with very low con-duc-tiv-ity, $\
OML/cmm/m/it/12 ^^[ \OMS/cmsy/m/n/12 ^^Y \OT1/cmr/m/n/12 10 \OML/cmm/m/it/12 ^^
V[]=[]$
 []


Overfull \hbox (4.10005pt too wide) in paragraph at lines 35--36
\T1/cmr/m/n/12 (two or-ders less than sam-ple be-fore the clean-ing pro-cess, $
\OT1/cmr/m/n/12 1000 \OML/cmm/m/it/12 ^^V[]=[]$\T1/cmr/m/n/12 ).
 []


Overfull \hbox (1.27151pt too wide) in paragraph at lines 45--46
[]\T1/cmr/m/n/12 The im-por-tant char-ac-ter-is-tics of the TRI-TIUM de-tec-tor
 must have: 
 []

[27]) [28]
Chapter 3.
(./Sections/3Design_Principles/31MonitorOverview.tex [29

])
(./Sections/3Design_Principles/32DetectorMonitor/320TritiumDetectorIntroduction
.tex [30]
<Figures/3DesignPrinciples/32Tritium_detector/ScintillatorDetector.png, id=1137
, 688.82344pt x 250.68657pt>
File: Figures/3DesignPrinciples/32Tritium_detector/ScintillatorDetector.png Gra
phic file (type png)
<use Figures/3DesignPrinciples/32Tritium_detector/ScintillatorDetector.png>
Package pdftex.def Info: Figures/3DesignPrinciples/32Tritium_detector/Scintilla
torDetector.png  used on input line 16.
(pdftex.def)             Requested size: 413.29726pt x 150.41309pt.

Overfull \hbox (29.18504pt too wide) in paragraph at lines 16--18
 [][] 
 []

) (./Sections/3Design_Principles/32DetectorMonitor/321Interaction.tex [31]
Underfull \vbox (badness 10000) has occurred while \output is active []

 [32 <./Figures/3DesignPrinciples/32Tritium_detector/ScintillatorDetector.png>]
<Figures/3DesignPrinciples/32Tritium_detector/DominantProcessesPhotons.png, id=
1154, 492.84125pt x 317.185pt>
File: Figures/3DesignPrinciples/32Tritium_detector/DominantProcessesPhotons.png
 Graphic file (type png)
<use Figures/3DesignPrinciples/32Tritium_detector/DominantProcessesPhotons.png>

Package pdftex.def Info: Figures/3DesignPrinciples/32Tritium_detector/DominantP
rocessesPhotons.png  used on input line 21.
(pdftex.def)             Requested size: 369.63002pt x 237.88815pt.

Underfull \vbox (badness 10000) has occurred while \output is active []

 [33]
[34 <./Figures/3DesignPrinciples/32Tritium_detector/DominantProcessesPhotons.pn
g>])
Underfull \vbox (badness 10000) has occurred while \output is active []

 [35]
(./Sections/3Design_Principles/32DetectorMonitor/322Plastic_Scintillators/3221P
lastic_Scintillators.tex [36]
<Figures/3DesignPrinciples/32Tritium_detector/JablonskyDiagram.png, id=1194, 42
4.58624pt x 429.85594pt>
File: Figures/3DesignPrinciples/32Tritium_detector/JablonskyDiagram.png Graphic
 file (type png)
<use Figures/3DesignPrinciples/32Tritium_detector/JablonskyDiagram.png>
Package pdftex.def Info: Figures/3DesignPrinciples/32Tritium_detector/Jablonsky
Diagram.png  used on input line 13.
(pdftex.def)             Requested size: 242.01666pt x 245.02043pt.
 [37 <./Figures/3DesignPrinciples/32Tritium_detector/JablonskyDiagram.png>]
<Figures/3DesignPrinciples/32Tritium_detector/StokesShift.png, id=1205, 460.721
25pt x 298.11375pt>
File: Figures/3DesignPrinciples/32Tritium_detector/StokesShift.png Graphic file
 (type png)
<use Figures/3DesignPrinciples/32Tritium_detector/StokesShift.png>
Package pdftex.def Info: Figures/3DesignPrinciples/32Tritium_detector/StokesShi
ft.png  used on input line 27.
(pdftex.def)             Requested size: 322.50267pt x 208.67819pt.
 [38 <./Figures/3DesignPrinciples/32Tritium_detector/StokesShift.png>])
(./Sections/3Design_Principles/32DetectorMonitor/322Plastic_Scintillators/3222F
ibers.tex [39]
<Figures/3DesignPrinciples/32Tritium_detector/EmisionBCF12.png, id=1227, 644.40
75pt x 389.455pt>
File: Figures/3DesignPrinciples/32Tritium_detector/EmisionBCF12.png Graphic fil
e (type png)
<use Figures/3DesignPrinciples/32Tritium_detector/EmisionBCF12.png>
Package pdftex.def Info: Figures/3DesignPrinciples/32Tritium_detector/EmisionBC
F12.png  used on input line 11.
(pdftex.def)             Requested size: 322.20296pt x 194.72702pt.

Underfull \vbox (badness 4792) has occurred while \output is active []

 [40]
Underfull \vbox (badness 5260) has occurred while \output is active []

 [41 <./Figures/3DesignPrinciples/32Tritium_detector/EmisionBCF12.png>]
<Figures/3DesignPrinciples/32Tritium_detector/Fiber_data_sheet.png, id=1249, 57
7.15625pt x 409.53pt>
File: Figures/3DesignPrinciples/32Tritium_detector/Fiber_data_sheet.png Graphic
 file (type png)
<use Figures/3DesignPrinciples/32Tritium_detector/Fiber_data_sheet.png>
Package pdftex.def Info: Figures/3DesignPrinciples/32Tritium_detector/Fiber_dat
a_sheet.png  used on input line 30.
(pdftex.def)             Requested size: 288.57741pt x 204.7645pt.
 [42 <./Figures/3DesignPrinciples/32Tritium_detector/Fiber_data_sheet.png>]

LaTeX Warning: `h' float specifier changed to `ht'.

)
(./Sections/3Design_Principles/32DetectorMonitor/323Photosensors/3231IntroPhoto
sensors.tex [43])
(./Sections/3Design_Principles/32DetectorMonitor/323Photosensors/3232PhotoMulti
plierTubs.tex
Underfull \vbox (badness 10000) has occurred while \output is active []

 [44]
<Figures/3DesignPrinciples/32Tritium_detector/PMTschematic.png, id=1272, 494.59
781pt x 261.22594pt>
File: Figures/3DesignPrinciples/32Tritium_detector/PMTschematic.png Graphic fil
e (type png)
<use Figures/3DesignPrinciples/32Tritium_detector/PMTschematic.png>
Package pdftex.def Info: Figures/3DesignPrinciples/32Tritium_detector/PMTschema
tic.png  used on input line 5.
(pdftex.def)             Requested size: 296.76097pt x 156.73676pt.

[45 <./Figures/3DesignPrinciples/32Tritium_detector/PMTschematic.png>]
<Figures/3DesignPrinciples/32Tritium_detector/QuantumEfficiencyPMT.png, id=1285
, 370.38374pt x 434.62375pt>
File: Figures/3DesignPrinciples/32Tritium_detector/QuantumEfficiencyPMT.png Gra
phic file (type png)
<use Figures/3DesignPrinciples/32Tritium_detector/QuantumEfficiencyPMT.png>
Package pdftex.def Info: Figures/3DesignPrinciples/32Tritium_detector/QuantumEf
ficiencyPMT.png  used on input line 17.
(pdftex.def)             Requested size: 185.1914pt x 217.31134pt.
 [46 <./Figures/3DesignPrinciples/32Tritium_detector/QuantumEfficiencyPMT.png>]
<Figures/3DesignPrinciples/32Tritium_detector/VoltageDividerPMT.png, id=1297, 7
81.92125pt x 634.37pt>
File: Figures/3DesignPrinciples/32Tritium_detector/VoltageDividerPMT.png Graphi
c file (type png)
<use Figures/3DesignPrinciples/32Tritium_detector/VoltageDividerPMT.png>
Package pdftex.def Info: Figures/3DesignPrinciples/32Tritium_detector/VoltageDi
viderPMT.png  used on input line 27.
(pdftex.def)             Requested size: 390.95967pt x 317.18422pt.

Overfull \hbox (6.84746pt too wide) in paragraph at lines 27--28
 [][] 
 []


LaTeX Warning: `h' float specifier changed to `ht'.

[47] [48 <./Figures/3DesignPrinciples/32Tritium_detector/VoltageDividerPMT.png>
])
(./Sections/3Design_Principles/32DetectorMonitor/323Photosensors/3233SiliconPho
toMultiplierArrays.tex
<Figures/3DesignPrinciples/32Tritium_detector/APD_scheme.png, id=1317, 496.8562
5pt x 264.99pt>
File: Figures/3DesignPrinciples/32Tritium_detector/APD_scheme.png Graphic file 
(type png)
<use Figures/3DesignPrinciples/32Tritium_detector/APD_scheme.png>
Package pdftex.def Info: Figures/3DesignPrinciples/32Tritium_detector/APD_schem
e.png  used on input line 11.
(pdftex.def)             Requested size: 298.11604pt x 158.99522pt.

Underfull \vbox (badness 1953) has occurred while \output is active []

 [49]
<Figures/3DesignPrinciples/32Tritium_detector/Several_SiPM_pulses.png, id=1326,
 633.36626pt x 356.33125pt>
File: Figures/3DesignPrinciples/32Tritium_detector/Several_SiPM_pulses.png Grap
hic file (type png)
<use Figures/3DesignPrinciples/32Tritium_detector/Several_SiPM_pulses.png>
Package pdftex.def Info: Figures/3DesignPrinciples/32Tritium_detector/Several_S
iPM_pulses.png  used on input line 21.
(pdftex.def)             Requested size: 380.02269pt x 213.80038pt.

Underfull \vbox (badness 1082) has occurred while \output is active []

 [50 <./Figures/3DesignPrinciples/32Tritium_detector/APD_scheme.png>] [51 <./Fi
gures/3DesignPrinciples/32Tritium_detector/Several_SiPM_pulses.png>]
<Figures/3DesignPrinciples/32Tritium_detector/Quenching_resistence_of_a_SiPM_sc
heme.png, id=1347, 482.80376pt x 393.47pt>
File: Figures/3DesignPrinciples/32Tritium_detector/Quenching_resistence_of_a_Si
PM_scheme.png Graphic file (type png)
<use Figures/3DesignPrinciples/32Tritium_detector/Quenching_resistence_of_a_SiP
M_scheme.png>
Package pdftex.def Info: Figures/3DesignPrinciples/32Tritium_detector/Quenching
_resistence_of_a_SiPM_scheme.png  used on input line 33.
(pdftex.def)             Requested size: 172.84932pt x 140.86258pt.

Underfull \hbox (badness 2735) in paragraph at lines 34--34
[]\T1/cmr/bx/n/10.95 (a) |\T1/cmr/m/n/10.95 Pho-ton De-tec-tion Ef-fi-ciency,
 []

<Figures/3DesignPrinciples/32Tritium_detector/How_a_quenching_resistence_in_a_S
iPM_works.png, id=1348, 541.02126pt x 457.71pt>
File: Figures/3DesignPrinciples/32Tritium_detector/How_a_quenching_resistence_i
n_a_SiPM_works.png Graphic file (type png)
<use Figures/3DesignPrinciples/32Tritium_detector/How_a_quenching_resistence_in
_a_SiPM_works.png>
Package pdftex.def Info: Figures/3DesignPrinciples/32Tritium_detector/How_a_que
nching_resistence_in_a_SiPM_works.png  used on input line 39.
(pdftex.def)             Requested size: 172.84932pt x 146.23273pt.

Underfull \vbox (badness 10000) has occurred while \output is active []

 [52 <./Figures/3DesignPrinciples/32Tritium_detector/Quenching_resistence_of_a_
SiPM_scheme.png> <./Figures/3DesignPrinciples/32Tritium_detector/How_a_quenchin
g_resistence_in_a_SiPM_works.png>] [53])
(./Sections/3Design_Principles/32DetectorMonitor/323Photosensors/3234Comparison
_Photosensors.tex [54])
(./Sections/3Design_Principles/32DetectorMonitor/324ElectronicalSystem/3241Elec
tronicalSystemIntro.tex [55])
(./Sections/3Design_Principles/32DetectorMonitor/324ElectronicalSystem/3242PMTs
ElectronicalSystem.tex
<Figures/3DesignPrinciples/32Tritium_detector/ElectronicSchemBasePMTNoGain.png,
 id=1385, 497.86pt x 389.455pt>
File: Figures/3DesignPrinciples/32Tritium_detector/ElectronicSchemBasePMTNoGain
.png Graphic file (type png)
<use Figures/3DesignPrinciples/32Tritium_detector/ElectronicSchemBasePMTNoGain.
png>
Package pdftex.def Info: Figures/3DesignPrinciples/32Tritium_detector/Electroni
cSchemBasePMTNoGain.png  used on input line 9.
(pdftex.def)             Requested size: 248.92938pt x 194.72702pt.
 [56 <./Figures/3DesignPrinciples/32Tritium_detector/ElectronicSchemBasePMTNoGa
in.png>]

LaTeX Warning: Command \textordmasculine invalid in math mode on input line 15.


<Figures/3DesignPrinciples/32Tritium_detector/Electronical_Scheme_1_PMT.png, id
=1397, 986.68625pt x 320.19624pt>
File: Figures/3DesignPrinciples/32Tritium_detector/Electronical_Scheme_1_PMT.pn
g Graphic file (type png)
<use Figures/3DesignPrinciples/32Tritium_detector/Electronical_Scheme_1_PMT.png
>
Package pdftex.def Info: Figures/3DesignPrinciples/32Tritium_detector/Electroni
cal_Scheme_1_PMT.png  used on input line 28.
(pdftex.def)             Requested size: 384.11221pt x 124.65128pt.
<Figures/3DesignPrinciples/32Tritium_detector/Electronical_Scheme_2_PMTs.png, i
d=1398, 991.705pt x 369.38pt>
File: Figures/3DesignPrinciples/32Tritium_detector/Electronical_Scheme_2_PMTs.p
ng Graphic file (type png)
<use Figures/3DesignPrinciples/32Tritium_detector/Electronical_Scheme_2_PMTs.pn
g>
Package pdftex.def Info: Figures/3DesignPrinciples/32Tritium_detector/Electroni
cal_Scheme_2_PMTs.png  used on input line 34.
(pdftex.def)             Requested size: 384.11221pt x 143.07126pt.
<Figures/3DesignPrinciples/32Tritium_detector/Electronical_Scheme_4_PMTs.png, i
d=1399, 1006.76125pt x 298.11375pt>
File: Figures/3DesignPrinciples/32Tritium_detector/Electronical_Scheme_4_PMTs.p
ng Graphic file (type png)
<use Figures/3DesignPrinciples/32Tritium_detector/Electronical_Scheme_4_PMTs.pn
g>
Package pdftex.def Info: Figures/3DesignPrinciples/32Tritium_detector/Electroni
cal_Scheme_4_PMTs.png  used on input line 40.
(pdftex.def)             Requested size: 384.11221pt x 113.73927pt.
[57] [58 <./Figures/3DesignPrinciples/32Tritium_detector/Electronical_Scheme_1_
PMT.png> <./Figures/3DesignPrinciples/32Tritium_detector/Electronical_Scheme_2_
PMTs.png> <./Figures/3DesignPrinciples/32Tritium_detector/Electronical_Scheme_4
_PMTs.png>] [59] [60]
<Figures/3DesignPrinciples/32Tritium_detector/1_coincidences.png, id=1461, 1286
.8075pt x 727.71875pt>
File: Figures/3DesignPrinciples/32Tritium_detector/1_coincidences.png Graphic f
ile (type png)
<use Figures/3DesignPrinciples/32Tritium_detector/1_coincidences.png>
Package pdftex.def Info: Figures/3DesignPrinciples/32Tritium_detector/1_coincid
ences.png  used on input line 96.
(pdftex.def)             Requested size: 172.84932pt x 97.7492pt.
<Figures/3DesignPrinciples/32Tritium_detector/2_coincidences_1.png, id=1462, 12
85.80376pt x 727.71875pt>
File: Figures/3DesignPrinciples/32Tritium_detector/2_coincidences_1.png Graphic
 file (type png)
<use Figures/3DesignPrinciples/32Tritium_detector/2_coincidences_1.png>
Package pdftex.def Info: Figures/3DesignPrinciples/32Tritium_detector/2_coincid
ences_1.png  used on input line 102.
(pdftex.def)             Requested size: 172.84932pt x 97.81583pt.
<Figures/3DesignPrinciples/32Tritium_detector/2_coincidences_2.png, id=1463, 12
86.8075pt x 728.7225pt>
File: Figures/3DesignPrinciples/32Tritium_detector/2_coincidences_2.png Graphic
 file (type png)
<use Figures/3DesignPrinciples/32Tritium_detector/2_coincidences_2.png>
Package pdftex.def Info: Figures/3DesignPrinciples/32Tritium_detector/2_coincid
ences_2.png  used on input line 108.
(pdftex.def)             Requested size: 172.84932pt x 97.88403pt.
<Figures/3DesignPrinciples/32Tritium_detector/4_coincidences.png, id=1464, 1285
.80376pt x 726.715pt>
File: Figures/3DesignPrinciples/32Tritium_detector/4_coincidences.png Graphic f
ile (type png)
<use Figures/3DesignPrinciples/32Tritium_detector/4_coincidences.png>
Package pdftex.def Info: Figures/3DesignPrinciples/32Tritium_detector/4_coincid
ences.png  used on input line 114.
(pdftex.def)             Requested size: 172.84932pt x 97.68091pt.
 [61 <./Figures/3DesignPrinciples/32Tritium_detector/1_coincidences.png> <./Fig
ures/3DesignPrinciples/32Tritium_detector/2_coincidences_1.png> <./Figures/3Des
ignPrinciples/32Tritium_detector/2_coincidences_2.png> <./Figures/3DesignPrinci
ples/32Tritium_detector/4_coincidences.png>]
<Figures/3DesignPrinciples/32Tritium_detector/Input_MCA.png, id=1481, 1288.815p
t x 726.715pt>
File: Figures/3DesignPrinciples/32Tritium_detector/Input_MCA.png Graphic file (
type png)
<use Figures/3DesignPrinciples/32Tritium_detector/Input_MCA.png>
Package pdftex.def Info: Figures/3DesignPrinciples/32Tritium_detector/Input_MCA
.png  used on input line 133.
(pdftex.def)             Requested size: 386.64749pt x 218.01617pt.

Overfull \hbox (2.53528pt too wide) in paragraph at lines 133--134
 [][] 
 []

)
(./Sections/3Design_Principles/32DetectorMonitor/324ElectronicalSystem/3243SiPM
sElectronicalSystem.tex [62 <./Figures/3DesignPrinciples/32Tritium_detector/Inp
ut_MCA.png>]
<Figures/3DesignPrinciples/32Tritium_detector/PETSYS_System.png, id=1491, 374.3
9874pt x 309.155pt>
File: Figures/3DesignPrinciples/32Tritium_detector/PETSYS_System.png Graphic fi
le (type png)
<use Figures/3DesignPrinciples/32Tritium_detector/PETSYS_System.png>
Package pdftex.def Info: Figures/3DesignPrinciples/32Tritium_detector/PETSYS_Sy
stem.png  used on input line 9.
(pdftex.def)             Requested size: 224.64098pt x 185.49442pt.
LaTeX Font Info:    Font shape `OMS/cmr/m/n' in size <10> not available
(Font)              Font shape `OMS/cmsy/m/n' tried instead on input line 13.

Underfull \vbox (badness 2626) has occurred while \output is active []

 [63 <./Figures/3DesignPrinciples/32Tritium_detector/PETSYS_System.png>] [64]
<Figures/3DesignPrinciples/32Tritium_detector/PCB1_SiPM_Black_Box.jpg, id=1523,
 3131.7pt x 4175.6pt>
File: Figures/3DesignPrinciples/32Tritium_detector/PCB1_SiPM_Black_Box.jpg Grap
hic file (type jpg)
<use Figures/3DesignPrinciples/32Tritium_detector/PCB1_SiPM_Black_Box.jpg>
Package pdftex.def Info: Figures/3DesignPrinciples/32Tritium_detector/PCB1_SiPM
_Black_Box.jpg  used on input line 38.
(pdftex.def)             Requested size: 192.0561pt x 256.06834pt.
<Figures/3DesignPrinciples/32Tritium_detector/PCB2_SIPMs.png, id=1524, 264.99pt
 x 264.99pt>
File: Figures/3DesignPrinciples/32Tritium_detector/PCB2_SIPMs.png Graphic file 
(type png)
<use Figures/3DesignPrinciples/32Tritium_detector/PCB2_SIPMs.png>
Package pdftex.def Info: Figures/3DesignPrinciples/32Tritium_detector/PCB2_SIPM
s.png  used on input line 44.
(pdftex.def)             Requested size: 172.84932pt x 172.852pt.
<Figures/3DesignPrinciples/32Tritium_detector/PCB3_SiPMs.png, id=1525, 705.6362
5pt x 497.86pt>
File: Figures/3DesignPrinciples/32Tritium_detector/PCB3_SiPMs.png Graphic file 
(type png)
<use Figures/3DesignPrinciples/32Tritium_detector/PCB3_SiPMs.png>
Package pdftex.def Info: Figures/3DesignPrinciples/32Tritium_detector/PCB3_SiPM
s.png  used on input line 50.
(pdftex.def)             Requested size: 153.64253pt x 108.39761pt.
<Figures/3DesignPrinciples/32Tritium_detector/LED_DUNE.pdf, id=1526, 569.12625p
t x 303.1325pt>
File: Figures/3DesignPrinciples/32Tritium_detector/LED_DUNE.pdf Graphic file (t
ype pdf)
<use Figures/3DesignPrinciples/32Tritium_detector/LED_DUNE.pdf>
Package pdftex.def Info: Figures/3DesignPrinciples/32Tritium_detector/LED_DUNE.
pdf  used on input line 56.
(pdftex.def)             Requested size: 192.0561pt x 102.29585pt.
)
(./Sections/3Design_Principles/33UltraPureWaterSystem/331IntroductionUltraPureW
aterSystem.tex [65] [66 <./Figures/3DesignPrinciples/32Tritium_detector/PCB1_Si
PM_Black_Box.jpg> <./Figures/3DesignPrinciples/32Tritium_detector/PCB2_SIPMs.pn
g> <./Figures/3DesignPrinciples/32Tritium_detector/PCB3_SiPMs.png> <./Figures/3
DesignPrinciples/32Tritium_detector/LED_DUNE.pdf, page is rotated 90 degrees>])

(./Sections/3Design_Principles/33UltraPureWaterSystem/332SetUpUltraPureWaterSys
tem.tex [67]
<Figures/3DesignPrinciples/33UltraPureWaterSystem/SchemeUltraPureWaterSystem.pn
g, id=1597, 1516.66624pt x 873.2625pt>
File: Figures/3DesignPrinciples/33UltraPureWaterSystem/SchemeUltraPureWaterSyst
em.png Graphic file (type png)
<use Figures/3DesignPrinciples/33UltraPureWaterSystem/SchemeUltraPureWaterSyste
m.png>
Package pdftex.def Info: Figures/3DesignPrinciples/33UltraPureWaterSystem/Schem
eUltraPureWaterSystem.png  used on input line 16.
(pdftex.def)             Requested size: 379.16563pt x 218.31508pt.
 [68 <./Figures/3DesignPrinciples/33UltraPureWaterSystem/SchemeUltraPureWaterSy
stem.png>] [69])
Overfull \hbox (8.3348pt too wide) in paragraph at lines 171--171
[]\T1/cmr/bx/n/17.28 Background Re-jec-tion Sys-tem of TRI-TIUM
 []

(./Sections/3Design_Principles/34BackgroundShields/341IntroBackgrund.tex
[70]
Overfull \hbox (3.67273pt too wide) in paragraph at lines 17--26
 [] 
 []

[71])
(./Sections/3Design_Principles/34BackgroundShields/342SetUpPassiveShield.tex
<Figures/3DesignPrinciples/34BackgroundRejectionSystem/LeadBricks.png, id=1636,
 260.975pt x 187.70125pt>
File: Figures/3DesignPrinciples/34BackgroundRejectionSystem/LeadBricks.png Grap
hic file (type png)
<use Figures/3DesignPrinciples/34BackgroundRejectionSystem/LeadBricks.png>
Package pdftex.def Info: Figures/3DesignPrinciples/34BackgroundRejectionSystem/
LeadBricks.png  used on input line 7.
(pdftex.def)             Requested size: 115.23483pt x 82.88094pt.
<Figures/3DesignPrinciples/34BackgroundRejectionSystem/TwoLayers.png, id=1637, 
234.8775pt x 225.09094pt>
File: Figures/3DesignPrinciples/34BackgroundRejectionSystem/TwoLayers.png Graph
ic file (type png)
<use Figures/3DesignPrinciples/34BackgroundRejectionSystem/TwoLayers.png>
Package pdftex.def Info: Figures/3DesignPrinciples/34BackgroundRejectionSystem/
TwoLayers.png  used on input line 13.
(pdftex.def)             Requested size: 115.23483pt x 110.43289pt.
<Figures/3DesignPrinciples/34BackgroundRejectionSystem/TwoLayers2.png, id=1638,
 279.0425pt x 293.095pt>
File: Figures/3DesignPrinciples/34BackgroundRejectionSystem/TwoLayers2.png Grap
hic file (type png)
<use Figures/3DesignPrinciples/34BackgroundRejectionSystem/TwoLayers2.png>
Package pdftex.def Info: Figures/3DesignPrinciples/34BackgroundRejectionSystem/
TwoLayers2.png  used on input line 19.
(pdftex.def)             Requested size: 115.23483pt x 121.03734pt.
<Figures/3DesignPrinciples/34BackgroundRejectionSystem/AluminiumStructureScheme
.png, id=1640, 486.31688pt x 322.20375pt>
File: Figures/3DesignPrinciples/34BackgroundRejectionSystem/AluminiumStructureS
cheme.png Graphic file (type png)
<use Figures/3DesignPrinciples/34BackgroundRejectionSystem/AluminiumStructureSc
heme.png>
Package pdftex.def Info: Figures/3DesignPrinciples/34BackgroundRejectionSystem/
AluminiumStructureScheme.png  used on input line 32.
(pdftex.def)             Requested size: 172.84932pt x 114.51833pt.
<Figures/3DesignPrinciples/34BackgroundRejectionSystem/AluminiumStructure.jpg, 
id=1641, 4143.48pt x 3107.61pt>
File: Figures/3DesignPrinciples/34BackgroundRejectionSystem/AluminiumStructure.
jpg Graphic file (type jpg)
<use Figures/3DesignPrinciples/34BackgroundRejectionSystem/AluminiumStructure.j
pg>
Package pdftex.def Info: Figures/3DesignPrinciples/34BackgroundRejectionSystem/
AluminiumStructure.jpg  used on input line 38.
(pdftex.def)             Requested size: 153.64253pt x 115.22633pt.

Underfull \hbox (badness 4429) in paragraph at lines 39--39
[]\T1/cmr/bx/n/10.95 (b) |\T1/cmr/m/n/10.95 Alu-minium struc-ture of
 []

) (./Sections/3Design_Principles/34BackgroundShields/343SetUpActiveShield.tex
Underfull \vbox (badness 5592) has occurred while \output is active []

 [72]
[73 <./Figures/3DesignPrinciples/34BackgroundRejectionSystem/LeadBricks.png> <.
/Figures/3DesignPrinciples/34BackgroundRejectionSystem/TwoLayers.png> <./Figure
s/3DesignPrinciples/34BackgroundRejectionSystem/TwoLayers2.png> <./Figures/3Des
ignPrinciples/34BackgroundRejectionSystem/AluminiumStructureScheme.png> <./Figu
res/3DesignPrinciples/34BackgroundRejectionSystem/AluminiumStructure.jpg>]
<Figures/3DesignPrinciples/34BackgroundRejectionSystem/Vetos_y_prototipo.png, i
d=1656, 478.03593pt x 381.67593pt>
File: Figures/3DesignPrinciples/34BackgroundRejectionSystem/Vetos_y_prototipo.p
ng Graphic file (type png)
<use Figures/3DesignPrinciples/34BackgroundRejectionSystem/Vetos_y_prototipo.pn
g>
Package pdftex.def Info: Figures/3DesignPrinciples/34BackgroundRejectionSystem/
Vetos_y_prototipo.png  used on input line 9.
(pdftex.def)             Requested size: 215.11418pt x 171.75258pt.

[74 <./Figures/3DesignPrinciples/34BackgroundRejectionSystem/Vetos_y_prototipo.
png>]
<Figures/3DesignPrinciples/34BackgroundRejectionSystem/Real_Event.png, id=1667,
 265.74281pt x 348.55219pt>
File: Figures/3DesignPrinciples/34BackgroundRejectionSystem/Real_Event.png Grap
hic file (type png)
<use Figures/3DesignPrinciples/34BackgroundRejectionSystem/Real_Event.png>
Package pdftex.def Info: Figures/3DesignPrinciples/34BackgroundRejectionSystem/
Real_Event.png  used on input line 23.
(pdftex.def)             Requested size: 172.84932pt x 226.71577pt.
<Figures/3DesignPrinciples/34BackgroundRejectionSystem/Fake_Event.png, id=1668,
 264.99pt x 347.79938pt>
File: Figures/3DesignPrinciples/34BackgroundRejectionSystem/Fake_Event.png Grap
hic file (type png)
<use Figures/3DesignPrinciples/34BackgroundRejectionSystem/Fake_Event.png>
Package pdftex.def Info: Figures/3DesignPrinciples/34BackgroundRejectionSystem/
Fake_Event.png  used on input line 29.
(pdftex.def)             Requested size: 172.84932pt x 226.86827pt.
<Figures/3DesignPrinciples/34BackgroundRejectionSystem/HardCosmicRate.png, id=1
669, 459.21562pt x 401.24907pt>
File: Figures/3DesignPrinciples/34BackgroundRejectionSystem/HardCosmicRate.png 
Graphic file (type png)
<use Figures/3DesignPrinciples/34BackgroundRejectionSystem/HardCosmicRate.png>
Package pdftex.def Info: Figures/3DesignPrinciples/34BackgroundRejectionSystem/
HardCosmicRate.png  used on input line 38.
(pdftex.def)             Requested size: 275.5315pt x 240.75128pt.


LaTeX Warning: `h' float specifier changed to `ht'.


LaTeX Warning: No positions in optional float specifier.
               Default added (so using `tbp') on input line 44.


LaTeX Warning: No positions in optional float specifier.
               Default added (so using `tbp') on input line 67.

<Figures/3DesignPrinciples/34BackgroundRejectionSystem/EmissionEnergySpectrumVe
tos.png, id=1677, 686.565pt x 622.325pt>
File: Figures/3DesignPrinciples/34BackgroundRejectionSystem/EmissionEnergySpect
rumVetos.png Graphic file (type png)
<use Figures/3DesignPrinciples/34BackgroundRejectionSystem/EmissionEnergySpectr
umVetos.png>
Package pdftex.def Info: Figures/3DesignPrinciples/34BackgroundRejectionSystem/
EmissionEnergySpectrumVetos.png  used on input line 69.
(pdftex.def)             Requested size: 240.30135pt x 217.817pt.
[75 <./Figures/3DesignPrinciples/34BackgroundRejectionSystem/Real_Event.png> <.
/Figures/3DesignPrinciples/34BackgroundRejectionSystem/Fake_Event.png>]
<Figures/3DesignPrinciples/34BackgroundRejectionSystem/NoCoating.jpeg, id=1690,
 482.55281pt x 1038.12843pt>
File: Figures/3DesignPrinciples/34BackgroundRejectionSystem/NoCoating.jpeg Grap
hic file (type jpg)
<use Figures/3DesignPrinciples/34BackgroundRejectionSystem/NoCoating.jpeg>
Package pdftex.def Info: Figures/3DesignPrinciples/34BackgroundRejectionSystem/
NoCoating.jpeg  used on input line 80.
(pdftex.def)             Requested size: 88.34416pt x 190.05484pt.

Underfull \hbox (badness 10000) in paragraph at lines 81--81
[]\T1/cmr/bx/n/10.95 (a) |\T1/cmr/m/n/10.95 Scin-til-la-tor
 []

<Figures/3DesignPrinciples/34BackgroundRejectionSystem/TeflonCoating.jpeg, id=1
691, 432.11438pt x 810.02625pt>
File: Figures/3DesignPrinciples/34BackgroundRejectionSystem/TeflonCoating.jpeg 
Graphic file (type jpg)
<use Figures/3DesignPrinciples/34BackgroundRejectionSystem/TeflonCoating.jpeg>
Package pdftex.def Info: Figures/3DesignPrinciples/34BackgroundRejectionSystem/
TeflonCoating.jpeg  used on input line 86.
(pdftex.def)             Requested size: 88.34416pt x 165.59914pt.

Underfull \hbox (badness 2197) in paragraph at lines 87--87
[]\T1/cmr/bx/n/10.95 (b) |\T1/cmr/m/n/10.95 Teflon coat-
 []

<Figures/3DesignPrinciples/34BackgroundRejectionSystem/AluminiumCoating.jpeg, i
d=1692, 276.28218pt x 657.2053pt>
File: Figures/3DesignPrinciples/34BackgroundRejectionSystem/AluminiumCoating.jp
eg Graphic file (type jpg)
<use Figures/3DesignPrinciples/34BackgroundRejectionSystem/AluminiumCoating.jpe
g>
Package pdftex.def Info: Figures/3DesignPrinciples/34BackgroundRejectionSystem/
AluminiumCoating.jpeg  used on input line 92.
(pdftex.def)             Requested size: 88.34416pt x 210.13951pt.

Underfull \hbox (badness 10000) in paragraph at lines 93--93
[]\T1/cmr/bx/n/10.95 (c) |\T1/cmr/m/n/10.95 Alu-minium
 []

<Figures/3DesignPrinciples/34BackgroundRejectionSystem/BlackTapeCoating.jpeg, i
d=1693, 548.0475pt x 1050.17343pt>
File: Figures/3DesignPrinciples/34BackgroundRejectionSystem/BlackTapeCoating.jp
eg Graphic file (type jpg)
<use Figures/3DesignPrinciples/34BackgroundRejectionSystem/BlackTapeCoating.jpe
g>
Package pdftex.def Info: Figures/3DesignPrinciples/34BackgroundRejectionSystem/
BlackTapeCoating.jpeg  used on input line 98.
(pdftex.def)             Requested size: 88.34416pt x 169.28108pt.

Underfull \hbox (badness 7613) in paragraph at lines 99--99
[]\T1/cmr/bx/n/10.95 (d) |\T1/cmr/m/n/10.95 Black tape
 []

) [76 <./Figures/3DesignPrinciples/34BackgroundRejectionSystem/HardCosmicRate.p
ng>] [77 <./Figures/3DesignPrinciples/34BackgroundRejectionSystem/EmissionEnerg
ySpectrumVetos.png>] [78 <./Figures/3DesignPrinciples/34BackgroundRejectionSyst
em/NoCoating.jpeg> <./Figures/3DesignPrinciples/34BackgroundRejectionSystem/Tef
lonCoating.jpeg> <./Figures/3DesignPrinciples/34BackgroundRejectionSystem/Alumi
niumCoating.jpeg> <./Figures/3DesignPrinciples/34BackgroundRejectionSystem/Blac
kTapeCoating.jpeg>]
Chapter 4.

Overfull \hbox (23.18222pt too wide) in paragraph at lines 200--200
[]\T1/cmr/bx/n/14.4 Automatic Pol-ish-ing Ma-chine for Scin-til-lat-ing Fibers 

 []


Underfull \vbox (badness 10000) has occurred while \output is active []

 [79

]
Overfull \vbox (213.12154pt too high) has occurred while \output is active []


[80]
Chapter 5.

Underfull \vbox (badness 10000) has occurred while \output is active []

 [81

]
Overfull \vbox (32.05411pt too high) has occurred while \output is active []


[82]
Chapter 6.

Overfull \hbox (2.7636pt too wide) in paragraph at lines 311--311
[]\T1/cmr/bx/n/14.4 Simulation of the Lead Shield-ing and Cos-mic Veto 
 []


Underfull \vbox (badness 10000) has occurred while \output is active []

 [83

]
Overfull \vbox (33.61708pt too high) has occurred while \output is active []


[84]
Chapter 7.

Underfull \vbox (badness 10000) has occurred while \output is active []

 [85

]
Overfull \vbox (75.12617pt too high) has occurred while \output is active []


[86]
Chapter 8.

Overfull \hbox (8.32344pt too wide) in paragraph at lines 352--352
[]\T1/cmr/bx/n/17.28 Optimization of the TRI-TIUM Mon-i-tor De-
 []


Underfull \vbox (badness 10000) has occurred while \output is active []

 [87

]
Overfull \vbox (154.31178pt too high) has occurred while \output is active []


[88]
Chapter 9.
[89

] [90

] [91] [92]
Appendix A.
[93

]
Overfull \hbox (143.71776pt too wide) has occurred while \output is active
\T1/cmr/m/n/12 94 \T1/cmr/m/sl/12 APPENDIX A.  ELECTRONICAL SCHEMES OF PCBS USE
D FOR SIPM CHARACTERIZATION
 []

[94

]
Appendix B.
[95] [96

]
Appendix C.
[97]
Overfull \hbox (79.27498pt too wide) has occurred while \output is active
\T1/cmr/m/n/12 98 \T1/cmr/m/sl/12 APPENDIX C.  PREPARATION OF LIQUID RADIOACTIV
E SOURCE OF TRITIUM
 []

[98

]
Appendix D.
(./Sections/11Bibliografia.tex [99]
Overfull \hbox (61.1904pt too wide) has occurred while \output is active
\T1/cmr/m/n/12 100 \T1/cmr/m/sl/12 APPENDIX D.  ELECTRONIC SYSTEM OF TRITIUM-AV
EIRO 0 PROTOTYPE
 []

[100

] [101] [102] [103] [104] [105] [106] [107]
Underfull \hbox (badness 3009) in paragraph at lines 264--266
[]\T1/cmr/m/sc/12 P. Jean-Baptiste\T1/cmr/m/n/12 , \T1/cmr/m/sc/12 E. Fourr\T1
/cmr/m/n/12 , \T1/cmr/m/sc/12 A. Dapoigny\T1/cmr/m/n/12 , \T1/cmr/m/sc/12 D. Ba
u-
 []


Underfull \hbox (badness 4353) in paragraph at lines 264--266
\T1/cmr/m/sc/12 mier\T1/cmr/m/n/12 , \T1/cmr/m/sc/12 N. Baglan \T1/cmr/m/n/12 a
nd \T1/cmr/m/sc/12 G. Alanic\T1/cmr/m/n/12 , $[][][][]$ \T1/cmr/m/it/12 mass sp
ec-trom-e-
 []


Underfull \hbox (badness 2384) in paragraph at lines 264--266
\T1/cmr/m/it/12 try for very low-level mea-sure-ment of or-ganic tri-tium in en
-
 []


Underfull \hbox (badness 4479) in paragraph at lines 264--266
\T1/cmr/m/it/12 vi-ron-men-tal sam-ples\T1/cmr/m/n/12 , Jour-nal of En-vi-ron-m
en-tal Ra-dioac-tiv-ity,
 []


Underfull \hbox (badness 4279) in paragraph at lines 264--266
\T1/cmr/m/n/12 Vol-ume 101, Is-sue 2, Febrary 2010, Pages 185-190, []\T1/cmr/bx
/n/12 DOI:
 []

[108]

Package hyperref Warning: Suppressing link with empty target on input line 321.



Package hyperref Warning: Suppressing link with empty target on input line 329.


[109]
Underfull \hbox (badness 1478) in paragraph at lines 348--350
[]\T1/cmr/m/sc/12 HAMAMATSU PHO-TON-ICS K.K. Solid State Di-vi-sion\T1/cmr/m/n/
12 ,
 []


Underfull \hbox (badness 1478) in paragraph at lines 352--354
[]\T1/cmr/m/sc/12 HAMAMATSU PHO-TON-ICS K.K. Solid State Di-vi-sion\T1/cmr/m/n/
12 ,
 []


Underfull \hbox (badness 1478) in paragraph at lines 356--358
[]\T1/cmr/m/sc/12 HAMAMATSU PHO-TON-ICS K.K. Solid State Di-vi-sion\T1/cmr/m/n/
12 ,
 []


Underfull \hbox (badness 1478) in paragraph at lines 360--362
[]\T1/cmr/m/sc/12 HAMAMATSU PHO-TON-ICS K.K. Solid State Di-vi-sion\T1/cmr/m/n/
12 ,
 []

[110]

Package hyperref Warning: Suppressing link with empty target on input line 409.



Underfull \hbox (badness 7907) in paragraph at lines 442--444
\T1/cmr/m/it/12 Exp. Phys. \T1/cmr/bx/it/12 2020 \T1/cmr/m/it/12 no. 8, 083C01 
(2020)\T1/cmr/m/n/12 . []\T1/cmr/bx/n/12 Web-site[] []DOI:
 []

[111]
Underfull \hbox (badness 1168) in paragraph at lines 450--452
\T1/cmr/m/it/12 with ac-tively shielded HPGe de-tec-tors at un-der-ground lo-ca
-tions\T1/cmr/m/n/12 .
 []


Underfull \hbox (badness 2644) in paragraph at lines 470--472
[]\T1/cmr/m/sc/12 S.H. Law, J.D. Har-vey, R.J. Kruh-lak, M. Song, E.
 []


Underfull \hbox (badness 10000) in paragraph at lines 470--472
\T1/cmr/m/sc/12 Large\T1/cmr/m/n/12 , \T1/cmr/m/it/12 Cleav-ing of mi-crostruc-
tured poly-mer op-ti-cal fi-bres\T1/cmr/m/n/12 .
 []

[112]

Package hyperref Warning: Suppressing link with empty target on input line 503.



Underfull \hbox (badness 4454) in paragraph at lines 530--532
[]\T1/cmr/m/sc/12 Physikalisch-Technische Bun-de-sanstalt, PTB, Braun-
 []

[113]
Underfull \hbox (badness 10000) in paragraph at lines 570--572
[]\T1/cmr/m/sc/12 Texas In-stru-ments\T1/cmr/m/n/12 , \T1/cmr/m/it/12 SN74LVC1G
11DBVR Sin-gle 3-Input
 []


Underfull \hbox (badness 4886) in paragraph at lines 586--588
[]\T1/cmr/m/sc/12 Chris Hag-mann\T1/cmr/m/n/12 , \T1/cmr/m/sc/12 David Lange \T
1/cmr/m/n/12 and \T1/cmr/m/sc/12 Dou-glas Wright\T1/cmr/m/n/12 ,
 []


Underfull \hbox (badness 1533) in paragraph at lines 586--588
\T1/cmr/m/it/12 Trans-port Codes\T1/cmr/m/n/12 , IEEE Nu-clear Scinece Sym-po-s
ium con-fer-ence
 []


Underfull \hbox (badness 1178) in paragraph at lines 586--588
\T1/cmr/m/n/12 record. Nu-clear Scinece Sym-po-sium 2:1143-1146, Jan-uary 2007.

 []

[114] [115])
Package atveryend Info: Empty hook `BeforeClearDocument' on input line 413.
 [116]
Package atveryend Info: Empty hook `AfterLastShipout' on input line 413.
 (./Tesis_Marcos_Martinez_Roig_v3.aux)
Package atveryend Info: Executing hook `AtVeryEndDocument' on input line 413.
Package atveryend Info: Executing hook `AtEndAfterFileList' on input line 413.
Package rerunfilecheck Info: File `Tesis_Marcos_Martinez_Roig_v3.out' has not c
hanged.
(rerunfilecheck)             Checksum: 2FCB7C1CD30EAA5502E31F149ED3BAD0;5684.
Package atveryend Info: Empty hook `AtVeryVeryEnd' on input line 413.
 ) 
Here is how much of TeX's memory you used:
 19999 strings out of 492982
 366888 string characters out of 6134895
 461592 words of memory out of 5000000
 22661 multiletter control sequences out of 15000+600000
 559013 words of font info for 94 fonts, out of 8000000 for 9000
 1141 hyphenation exceptions out of 8191
 40i,24n,58p,10424b,776s stack positions out of 5000i,500n,10000p,200000b,80000s
pdfTeX warning (dest): name{Hfootnote.26} has been referenced but does not ex
ist, replaced by a fixed one

pdfTeX warning (dest): name{Hfootnote.25} has been referenced but does not exis
t, replaced by a fixed one

pdfTeX warning (dest): name{Hfootnote.24} has been referenced but does not exis
t, replaced by a fixed one

pdfTeX warning (dest): name{Hfootnote.23} has been referenced but does not exis
t, replaced by a fixed one

pdfTeX warning (dest): name{Hfootnote.22} has been referenced but does not exis
t, replaced by a fixed one

pdfTeX warning (dest): name{Hfootnote.21} has been referenced but does not exis
t, replaced by a fixed one

pdfTeX warning (dest): name{Hfootnote.20} has been referenced but does not exis
t, replaced by a fixed one

pdfTeX warning (dest): name{Hfootnote.19} has been referenced but does not exis
t, replaced by a fixed one

pdfTeX warning (dest): name{Hfootnote.18} has been referenced but does not exis
t, replaced by a fixed one

pdfTeX warning (dest): name{Hfootnote.17} has been referenced but does not exis
t, replaced by a fixed one

pdfTeX warning (dest): name{Hfootnote.16} has been referenced but does not exis
t, replaced by a fixed one

pdfTeX warning (dest): name{Hfootnote.15} has been referenced but does not exis
t, replaced by a fixed one

pdfTeX warning (dest): name{Hfootnote.14} has been referenced but does not exis
t, replaced by a fixed one

pdfTeX warning (dest): name{Hfootnote.13} has been referenced but does not exis
t, replaced by a fixed one

pdfTeX warning (dest): name{Hfootnote.12} has been referenced but does not exis
t, replaced by a fixed one

pdfTeX warning (dest): name{Hfootnote.11} has been referenced but does not exis
t, replaced by a fixed one

pdfTeX warning (dest): name{Hfootnote.10} has been referenced but does not exis
t, replaced by a fixed one

pdfTeX warning (dest): name{Hfootnote.9} has been referenced but does not exist
, replaced by a fixed one

pdfTeX warning (dest): name{Hfootnote.8} has been referenced but does not exist
, replaced by a fixed one

pdfTeX warning (dest): name{Hfootnote.7} has been referenced but does not exist
, replaced by a fixed one

pdfTeX warning (dest): name{Hfootnote.6} has been referenced but does not exist
, replaced by a fixed one

pdfTeX warning (dest): name{Hfootnote.5} has been referenced but does not exist
, replaced by a fixed one

pdfTeX warning (dest): name{Hfootnote.4} has been referenced but does not exist
, replaced by a fixed one

pdfTeX warning (dest): name{Hfootnote.3} has been referenced but does not exist
, replaced by a fixed one

pdfTeX warning (dest): name{Hfootnote.2} has been referenced but does not exist
, replaced by a fixed one

pdfTeX warning (dest): name{Hfootnote.1} has been referenced but does not exist
, replaced by a fixed one

{/usr/share/texmf/fonts/enc/dvips/cm-super/cm-super-t1.enc}{/usr/share/texmf/fo
nts/enc/dvips/cm-super/cm-super-ts1.enc}</usr/share/texlive/texmf-dist/fonts/ty
pe1/public/amsfonts/cm/cmex10.pfb></usr/share/texlive/texmf-dist/fonts/type1/pu
blic/amsfonts/cm/cmmi10.pfb></usr/share/texlive/texmf-dist/fonts/type1/public/a
msfonts/cm/cmmi12.pfb></usr/share/texlive/texmf-dist/fonts/type1/public/amsfont
s/cm/cmmi6.pfb></usr/share/texlive/texmf-dist/fonts/type1/public/amsfonts/cm/cm
mi8.pfb></usr/share/texlive/texmf-dist/fonts/type1/public/amsfonts/cm/cmr10.pfb
></usr/share/texlive/texmf-dist/fonts/type1/public/amsfonts/cm/cmr12.pfb></usr/
share/texlive/texmf-dist/fonts/type1/public/amsfonts/cm/cmr6.pfb></usr/share/te
xlive/texmf-dist/fonts/type1/public/amsfonts/cm/cmr7.pfb></usr/share/texlive/te
xmf-dist/fonts/type1/public/amsfonts/cm/cmr8.pfb></usr/share/texlive/texmf-dist
/fonts/type1/public/amsfonts/cm/cmsy10.pfb></usr/share/texlive/texmf-dist/fonts
/type1/public/amsfonts/cm/cmsy6.pfb></usr/share/texlive/texmf-dist/fonts/type1/
public/amsfonts/cm/cmsy8.pfb></usr/share/texlive/texmf-dist/fonts/type1/public/
eurosym/feymr10.pfb></usr/share/texmf/fonts/type1/public/cm-super/sfbi1200.pfb>
</usr/share/texmf/fonts/type1/public/cm-super/sfbx1095.pfb></usr/share/texmf/fo
nts/type1/public/cm-super/sfbx1200.pfb></usr/share/texmf/fonts/type1/public/cm-
super/sfbx1440.pfb></usr/share/texmf/fonts/type1/public/cm-super/sfbx1728.pfb><
/usr/share/texmf/fonts/type1/public/cm-super/sfbx2074.pfb></usr/share/texmf/fon
ts/type1/public/cm-super/sfbx2488.pfb></usr/share/texmf/fonts/type1/public/cm-s
uper/sfcc1200.pfb></usr/share/texmf/fonts/type1/public/cm-super/sfrm0700.pfb></
usr/share/texmf/fonts/type1/public/cm-super/sfrm0800.pfb></usr/share/texmf/font
s/type1/public/cm-super/sfrm1000.pfb></usr/share/texmf/fonts/type1/public/cm-su
per/sfrm1095.pfb></usr/share/texmf/fonts/type1/public/cm-super/sfrm1200.pfb></u
sr/share/texmf/fonts/type1/public/cm-super/sfrm1440.pfb></usr/share/texmf/fonts
/type1/public/cm-super/sfsl1200.pfb></usr/share/texmf/fonts/type1/public/cm-sup
er/sfti0800.pfb></usr/share/texmf/fonts/type1/public/cm-super/sfti1200.pfb>
Output written on Tesis_Marcos_Martinez_Roig_v3.pdf (142 pages, 13557992 bytes)
.
PDF statistics:
 2325 PDF objects out of 2487 (max. 8388607)
 1972 compressed objects within 20 object streams
 511 named destinations out of 1000 (max. 500000)
 886 words of extra memory for PDF output out of 10000 (max. 10000000)

